2024-04-05 09:37:24 [INFO ] kopo.poly.MyBookShelfPrjApplication - Starting MyBookShelfPrjApplication using Java 17.0.9 with PID 7188 (C:\JavaPRJ\myBookShelfPRJ\build\classes\java\main started by data8316-19 in C:\JavaPRJ\myBookShelfPRJ)
2024-04-05 09:37:24 [INFO ] kopo.poly.MyBookShelfPrjApplication - No active profile set, falling back to 1 default profile: "local"
2024-04-05 09:40:50 [INFO ] kopo.poly.MyBookShelfPrjApplication - Starting MyBookShelfPrjApplication using Java 17.0.9 with PID 23212 (C:\JavaPRJ\myBookShelfPRJ\build\classes\java\main started by data8316-19 in C:\JavaPRJ\myBookShelfPRJ)
2024-04-05 09:40:50 [INFO ] kopo.poly.MyBookShelfPrjApplication - No active profile set, falling back to 1 default profile: "local"
2024-04-05 09:40:55 [INFO ] kopo.poly.MyBookShelfPrjApplication - Started MyBookShelfPrjApplication in 5.073 seconds (process running for 5.942)
2024-04-05 09:41:09 [INFO ] kopo.poly.MyBookShelfPrjApplication - Starting MyBookShelfPrjApplication using Java 17.0.9 with PID 25116 (C:\JavaPRJ\myBookShelfPRJ\build\classes\java\main started by data8316-19 in C:\JavaPRJ\myBookShelfPRJ)
2024-04-05 09:41:09 [INFO ] kopo.poly.MyBookShelfPrjApplication - No active profile set, falling back to 1 default profile: "local"
2024-04-05 09:41:14 [INFO ] kopo.poly.MyBookShelfPrjApplication - Started MyBookShelfPrjApplication in 5.037 seconds (process running for 5.813)
2024-04-05 09:42:20 [INFO ] kopo.poly.MyBookShelfPrjApplication - Starting MyBookShelfPrjApplication using Java 17.0.9 with PID 25116 (C:\JavaPRJ\myBookShelfPRJ\build\classes\java\main started by data8316-19 in C:\JavaPRJ\myBookShelfPRJ)
2024-04-05 09:42:20 [INFO ] kopo.poly.MyBookShelfPrjApplication - No active profile set, falling back to 1 default profile: "local"
2024-04-05 09:42:21 [INFO ] kopo.poly.MyBookShelfPrjApplication - Started MyBookShelfPrjApplication in 0.871 seconds (process running for 73.058)
2024-04-05 09:42:22 [INFO ] kopo.poly.MyBookShelfPrjApplication - Starting MyBookShelfPrjApplication using Java 17.0.9 with PID 25116 (C:\JavaPRJ\myBookShelfPRJ\build\classes\java\main started by data8316-19 in C:\JavaPRJ\myBookShelfPRJ)
2024-04-05 09:42:22 [INFO ] kopo.poly.MyBookShelfPrjApplication - No active profile set, falling back to 1 default profile: "local"
2024-04-05 09:42:23 [INFO ] kopo.poly.MyBookShelfPrjApplication - Started MyBookShelfPrjApplication in 0.947 seconds (process running for 75.547)
2024-04-05 09:42:27 [INFO ] kopo.poly.MyBookShelfPrjApplication - Starting MyBookShelfPrjApplication using Java 17.0.9 with PID 31200 (C:\JavaPRJ\myBookShelfPRJ\build\classes\java\main started by data8316-19 in C:\JavaPRJ\myBookShelfPRJ)
2024-04-05 09:42:27 [INFO ] kopo.poly.MyBookShelfPrjApplication - No active profile set, falling back to 1 default profile: "local"
2024-04-05 09:42:31 [INFO ] kopo.poly.MyBookShelfPrjApplication - Started MyBookShelfPrjApplication in 4.311 seconds (process running for 5.067)
2024-04-05 09:42:36 [INFO ] k.poly.controller.LoginController - controller 로그인 페이지 이동
2024-04-05 09:43:16 [INFO ] kopo.poly.MyBookShelfPrjApplication - Starting MyBookShelfPrjApplication using Java 17.0.9 with PID 31200 (C:\JavaPRJ\myBookShelfPRJ\build\classes\java\main started by data8316-19 in C:\JavaPRJ\myBookShelfPRJ)
2024-04-05 09:43:16 [INFO ] kopo.poly.MyBookShelfPrjApplication - No active profile set, falling back to 1 default profile: "local"
2024-04-05 09:43:17 [INFO ] kopo.poly.MyBookShelfPrjApplication - Started MyBookShelfPrjApplication in 0.735 seconds (process running for 50.544)
2024-04-05 09:43:18 [INFO ] kopo.poly.MyBookShelfPrjApplication - Starting MyBookShelfPrjApplication using Java 17.0.9 with PID 31200 (C:\JavaPRJ\myBookShelfPRJ\build\classes\java\main started by data8316-19 in C:\JavaPRJ\myBookShelfPRJ)
2024-04-05 09:43:18 [INFO ] kopo.poly.MyBookShelfPrjApplication - No active profile set, falling back to 1 default profile: "local"
2024-04-05 09:43:19 [INFO ] kopo.poly.MyBookShelfPrjApplication - Started MyBookShelfPrjApplication in 0.659 seconds (process running for 52.753)
2024-04-05 09:44:05 [INFO ] kopo.poly.MyBookShelfPrjApplication - Starting MyBookShelfPrjApplication using Java 17.0.9 with PID 31200 (C:\JavaPRJ\myBookShelfPRJ\build\classes\java\main started by data8316-19 in C:\JavaPRJ\myBookShelfPRJ)
2024-04-05 09:44:05 [INFO ] kopo.poly.MyBookShelfPrjApplication - No active profile set, falling back to 1 default profile: "local"
2024-04-05 09:44:05 [INFO ] kopo.poly.MyBookShelfPrjApplication - Started MyBookShelfPrjApplication in 0.663 seconds (process running for 99.153)
2024-04-05 09:45:02 [INFO ] kopo.poly.MyBookShelfPrjApplication - Starting MyBookShelfPrjApplication using Java 17.0.9 with PID 31200 (C:\JavaPRJ\myBookShelfPRJ\build\classes\java\main started by data8316-19 in C:\JavaPRJ\myBookShelfPRJ)
2024-04-05 09:45:02 [INFO ] kopo.poly.MyBookShelfPrjApplication - No active profile set, falling back to 1 default profile: "local"
2024-04-05 09:45:02 [INFO ] kopo.poly.MyBookShelfPrjApplication - Started MyBookShelfPrjApplication in 0.631 seconds (process running for 155.971)
2024-04-05 09:46:08 [INFO ] kopo.poly.MyBookShelfPrjApplication - Starting MyBookShelfPrjApplication using Java 17.0.9 with PID 31200 (C:\JavaPRJ\myBookShelfPRJ\build\classes\java\main started by data8316-19 in C:\JavaPRJ\myBookShelfPRJ)
2024-04-05 09:46:08 [INFO ] kopo.poly.MyBookShelfPrjApplication - No active profile set, falling back to 1 default profile: "local"
2024-04-05 09:46:08 [INFO ] kopo.poly.MyBookShelfPrjApplication - Started MyBookShelfPrjApplication in 0.597 seconds (process running for 222.241)
2024-04-05 09:47:25 [INFO ] kopo.poly.MyBookShelfPrjApplication - Starting MyBookShelfPrjApplication using Java 17.0.9 with PID 31200 (C:\JavaPRJ\myBookShelfPRJ\build\classes\java\main started by data8316-19 in C:\JavaPRJ\myBookShelfPRJ)
2024-04-05 09:47:25 [INFO ] kopo.poly.MyBookShelfPrjApplication - No active profile set, falling back to 1 default profile: "local"
2024-04-05 09:47:26 [INFO ] kopo.poly.MyBookShelfPrjApplication - Started MyBookShelfPrjApplication in 0.667 seconds (process running for 299.923)
2024-04-05 09:48:00 [INFO ] kopo.poly.MyBookShelfPrjApplication - Starting MyBookShelfPrjApplication using Java 17.0.9 with PID 31200 (C:\JavaPRJ\myBookShelfPRJ\build\classes\java\main started by data8316-19 in C:\JavaPRJ\myBookShelfPRJ)
2024-04-05 09:48:00 [INFO ] kopo.poly.MyBookShelfPrjApplication - No active profile set, falling back to 1 default profile: "local"
2024-04-05 09:48:01 [INFO ] kopo.poly.MyBookShelfPrjApplication - Started MyBookShelfPrjApplication in 0.613 seconds (process running for 334.408)
2024-04-05 09:49:25 [INFO ] kopo.poly.MyBookShelfPrjApplication - Starting MyBookShelfPrjApplication using Java 17.0.9 with PID 31200 (C:\JavaPRJ\myBookShelfPRJ\build\classes\java\main started by data8316-19 in C:\JavaPRJ\myBookShelfPRJ)
2024-04-05 09:49:25 [INFO ] kopo.poly.MyBookShelfPrjApplication - No active profile set, falling back to 1 default profile: "local"
2024-04-05 09:49:25 [INFO ] kopo.poly.MyBookShelfPrjApplication - Started MyBookShelfPrjApplication in 0.524 seconds (process running for 419.02)
2024-04-05 09:50:03 [INFO ] k.poly.controller.LoginController - controller 아이디 찾기 페이지 이동
2024-04-05 09:50:22 [INFO ] kopo.poly.MyBookShelfPrjApplication - Starting MyBookShelfPrjApplication using Java 17.0.9 with PID 31200 (C:\JavaPRJ\myBookShelfPRJ\build\classes\java\main started by data8316-19 in C:\JavaPRJ\myBookShelfPRJ)
2024-04-05 09:50:22 [INFO ] kopo.poly.MyBookShelfPrjApplication - No active profile set, falling back to 1 default profile: "local"
2024-04-05 09:50:23 [INFO ] kopo.poly.MyBookShelfPrjApplication - Started MyBookShelfPrjApplication in 0.588 seconds (process running for 476.808)
2024-04-05 10:07:19 [INFO ] kopo.poly.MyBookShelfPrjApplication - Starting MyBookShelfPrjApplication using Java 17.0.9 with PID 31200 (C:\JavaPRJ\myBookShelfPRJ\build\classes\java\main started by data8316-19 in C:\JavaPRJ\myBookShelfPRJ)
2024-04-05 10:07:19 [INFO ] kopo.poly.MyBookShelfPrjApplication - No active profile set, falling back to 1 default profile: "local"
2024-04-05 10:07:20 [INFO ] kopo.poly.MyBookShelfPrjApplication - Started MyBookShelfPrjApplication in 0.661 seconds (process running for 1493.503)
2024-04-05 10:08:21 [INFO ] kopo.poly.MyBookShelfPrjApplication - Starting MyBookShelfPrjApplication using Java 17.0.9 with PID 31200 (C:\JavaPRJ\myBookShelfPRJ\build\classes\java\main started by data8316-19 in C:\JavaPRJ\myBookShelfPRJ)
2024-04-05 10:08:21 [INFO ] kopo.poly.MyBookShelfPrjApplication - No active profile set, falling back to 1 default profile: "local"
2024-04-05 10:08:22 [INFO ] kopo.poly.MyBookShelfPrjApplication - Started MyBookShelfPrjApplication in 0.659 seconds (process running for 1555.457)
2024-04-05 10:09:47 [INFO ] kopo.poly.MyBookShelfPrjApplication - Starting MyBookShelfPrjApplication using Java 17.0.9 with PID 31200 (C:\JavaPRJ\myBookShelfPRJ\build\classes\java\main started by data8316-19 in C:\JavaPRJ\myBookShelfPRJ)
2024-04-05 10:09:47 [INFO ] kopo.poly.MyBookShelfPrjApplication - No active profile set, falling back to 1 default profile: "local"
2024-04-05 10:09:48 [INFO ] kopo.poly.MyBookShelfPrjApplication - Started MyBookShelfPrjApplication in 0.599 seconds (process running for 1641.365)
2024-04-05 10:10:35 [INFO ] kopo.poly.MyBookShelfPrjApplication - Starting MyBookShelfPrjApplication using Java 17.0.9 with PID 31200 (C:\JavaPRJ\myBookShelfPRJ\build\classes\java\main started by data8316-19 in C:\JavaPRJ\myBookShelfPRJ)
2024-04-05 10:10:35 [INFO ] kopo.poly.MyBookShelfPrjApplication - No active profile set, falling back to 1 default profile: "local"
2024-04-05 10:10:36 [INFO ] kopo.poly.MyBookShelfPrjApplication - Started MyBookShelfPrjApplication in 1.055 seconds (process running for 1689.372)
2024-04-05 10:12:40 [INFO ] kopo.poly.MyBookShelfPrjApplication - Starting MyBookShelfPrjApplication using Java 17.0.9 with PID 31200 (C:\JavaPRJ\myBookShelfPRJ\build\classes\java\main started by data8316-19 in C:\JavaPRJ\myBookShelfPRJ)
2024-04-05 10:12:40 [INFO ] kopo.poly.MyBookShelfPrjApplication - No active profile set, falling back to 1 default profile: "local"
2024-04-05 10:12:41 [INFO ] kopo.poly.MyBookShelfPrjApplication - Started MyBookShelfPrjApplication in 0.833 seconds (process running for 1814.8)
2024-04-05 10:14:03 [INFO ] kopo.poly.MyBookShelfPrjApplication - Starting MyBookShelfPrjApplication using Java 17.0.9 with PID 31200 (C:\JavaPRJ\myBookShelfPRJ\build\classes\java\main started by data8316-19 in C:\JavaPRJ\myBookShelfPRJ)
2024-04-05 10:14:03 [INFO ] kopo.poly.MyBookShelfPrjApplication - No active profile set, falling back to 1 default profile: "local"
2024-04-05 10:14:04 [INFO ] kopo.poly.MyBookShelfPrjApplication - Started MyBookShelfPrjApplication in 0.819 seconds (process running for 1897.625)
2024-04-05 10:14:47 [INFO ] kopo.poly.MyBookShelfPrjApplication - Starting MyBookShelfPrjApplication using Java 17.0.9 with PID 31200 (C:\JavaPRJ\myBookShelfPRJ\build\classes\java\main started by data8316-19 in C:\JavaPRJ\myBookShelfPRJ)
2024-04-05 10:14:47 [INFO ] kopo.poly.MyBookShelfPrjApplication - No active profile set, falling back to 1 default profile: "local"
2024-04-05 10:14:47 [INFO ] kopo.poly.MyBookShelfPrjApplication - Started MyBookShelfPrjApplication in 0.806 seconds (process running for 1941.271)
2024-04-05 10:15:52 [INFO ] kopo.poly.MyBookShelfPrjApplication - Starting MyBookShelfPrjApplication using Java 17.0.9 with PID 31200 (C:\JavaPRJ\myBookShelfPRJ\build\classes\java\main started by data8316-19 in C:\JavaPRJ\myBookShelfPRJ)
2024-04-05 10:15:52 [INFO ] kopo.poly.MyBookShelfPrjApplication - No active profile set, falling back to 1 default profile: "local"
2024-04-05 10:15:53 [INFO ] kopo.poly.MyBookShelfPrjApplication - Started MyBookShelfPrjApplication in 1.055 seconds (process running for 2006.711)
2024-04-05 10:22:23 [INFO ] kopo.poly.MyBookShelfPrjApplication - Starting MyBookShelfPrjApplication using Java 17.0.9 with PID 31200 (C:\JavaPRJ\myBookShelfPRJ\build\classes\java\main started by data8316-19 in C:\JavaPRJ\myBookShelfPRJ)
2024-04-05 10:22:23 [INFO ] kopo.poly.MyBookShelfPrjApplication - No active profile set, falling back to 1 default profile: "local"
2024-04-05 10:22:23 [INFO ] kopo.poly.MyBookShelfPrjApplication - Started MyBookShelfPrjApplication in 0.842 seconds (process running for 2397.19)
2024-04-05 10:25:16 [INFO ] kopo.poly.MyBookShelfPrjApplication - Starting MyBookShelfPrjApplication using Java 17.0.9 with PID 31200 (C:\JavaPRJ\myBookShelfPRJ\build\classes\java\main started by data8316-19 in C:\JavaPRJ\myBookShelfPRJ)
2024-04-05 10:25:16 [INFO ] kopo.poly.MyBookShelfPrjApplication - No active profile set, falling back to 1 default profile: "local"
2024-04-05 10:25:17 [INFO ] kopo.poly.MyBookShelfPrjApplication - Started MyBookShelfPrjApplication in 0.617 seconds (process running for 2570.615)
2024-04-05 10:25:18 [INFO ] kopo.poly.MyBookShelfPrjApplication - Starting MyBookShelfPrjApplication using Java 17.0.9 with PID 31200 (C:\JavaPRJ\myBookShelfPRJ\build\classes\java\main started by data8316-19 in C:\JavaPRJ\myBookShelfPRJ)
2024-04-05 10:25:18 [INFO ] kopo.poly.MyBookShelfPrjApplication - No active profile set, falling back to 1 default profile: "local"
2024-04-05 10:25:19 [INFO ] kopo.poly.MyBookShelfPrjApplication - Started MyBookShelfPrjApplication in 0.666 seconds (process running for 2572.897)
2024-04-05 10:26:45 [INFO ] kopo.poly.MyBookShelfPrjApplication - Starting MyBookShelfPrjApplication using Java 17.0.9 with PID 31200 (C:\JavaPRJ\myBookShelfPRJ\build\classes\java\main started by data8316-19 in C:\JavaPRJ\myBookShelfPRJ)
2024-04-05 10:26:45 [INFO ] kopo.poly.MyBookShelfPrjApplication - No active profile set, falling back to 1 default profile: "local"
2024-04-05 10:26:46 [INFO ] kopo.poly.MyBookShelfPrjApplication - Started MyBookShelfPrjApplication in 0.816 seconds (process running for 2659.965)
2024-04-05 10:26:48 [INFO ] k.poly.controller.LoginController - controller 로그인 실행
2024-04-05 10:26:48 [INFO ] k.poly.controller.LoginController - userId : 1
2024-04-05 10:26:48 [INFO ] k.poly.controller.LoginController - password : 1
2024-04-05 10:26:48 [INFO ] k.poly.service.impl.UserInfoService - service 로그인 실행
2024-04-05 10:26:48 [INFO ] k.poly.service.impl.UserInfoService - userId : 1
2024-04-05 10:26:48 [INFO ] k.poly.service.impl.UserInfoService - password : 1
2024-04-05 10:26:49 [WARN ] k.poly.controller.LoginController - org.springframework.dao.InvalidDataAccessResourceUsageException: JDBC exception executing SQL [/* <criteria> */ select uie1_0.user_id,uie1_0.email,uie1_0.nickname,uie1_0.password,uie1_0.user_name from USER_INFO uie1_0 where uie1_0.user_id=? and uie1_0.password=?] [(conn=255) Table 'myDB.USER_INFO' doesn't exist] [n/a]; SQL [n/a]
2024-04-05 10:26:49 [INFO ] k.poly.controller.LoginController - controller 로그인 종료
2024-04-05 10:27:29 [INFO ] kopo.poly.MyBookShelfPrjApplication - Starting MyBookShelfPrjApplication using Java 17.0.9 with PID 31200 (C:\JavaPRJ\myBookShelfPRJ\build\classes\java\main started by data8316-19 in C:\JavaPRJ\myBookShelfPRJ)
2024-04-05 10:27:29 [INFO ] kopo.poly.MyBookShelfPrjApplication - No active profile set, falling back to 1 default profile: "local"
2024-04-05 10:27:30 [INFO ] kopo.poly.MyBookShelfPrjApplication - Started MyBookShelfPrjApplication in 0.749 seconds (process running for 2703.429)
2024-04-05 10:28:00 [INFO ] kopo.poly.MyBookShelfPrjApplication - Starting MyBookShelfPrjApplication using Java 17.0.9 with PID 31200 (C:\JavaPRJ\myBookShelfPRJ\build\classes\java\main started by data8316-19 in C:\JavaPRJ\myBookShelfPRJ)
2024-04-05 10:28:00 [INFO ] kopo.poly.MyBookShelfPrjApplication - No active profile set, falling back to 1 default profile: "local"
2024-04-05 10:28:01 [INFO ] kopo.poly.MyBookShelfPrjApplication - Started MyBookShelfPrjApplication in 0.759 seconds (process running for 2734.635)
2024-04-05 10:28:12 [INFO ] kopo.poly.MyBookShelfPrjApplication - Starting MyBookShelfPrjApplication using Java 17.0.9 with PID 31200 (C:\JavaPRJ\myBookShelfPRJ\build\classes\java\main started by data8316-19 in C:\JavaPRJ\myBookShelfPRJ)
2024-04-05 10:28:12 [INFO ] kopo.poly.MyBookShelfPrjApplication - No active profile set, falling back to 1 default profile: "local"
2024-04-05 10:28:13 [INFO ] kopo.poly.MyBookShelfPrjApplication - Started MyBookShelfPrjApplication in 0.89 seconds (process running for 2746.347)
2024-04-05 10:28:34 [INFO ] kopo.poly.MyBookShelfPrjApplication - Starting MyBookShelfPrjApplication using Java 17.0.9 with PID 31200 (C:\JavaPRJ\myBookShelfPRJ\build\classes\java\main started by data8316-19 in C:\JavaPRJ\myBookShelfPRJ)
2024-04-05 10:28:34 [INFO ] kopo.poly.MyBookShelfPrjApplication - No active profile set, falling back to 1 default profile: "local"
2024-04-05 10:28:35 [INFO ] kopo.poly.MyBookShelfPrjApplication - Started MyBookShelfPrjApplication in 0.807 seconds (process running for 2768.332)
2024-04-05 10:28:47 [INFO ] kopo.poly.MyBookShelfPrjApplication - Starting MyBookShelfPrjApplication using Java 17.0.9 with PID 31200 (C:\JavaPRJ\myBookShelfPRJ\build\classes\java\main started by data8316-19 in C:\JavaPRJ\myBookShelfPRJ)
2024-04-05 10:28:47 [INFO ] kopo.poly.MyBookShelfPrjApplication - No active profile set, falling back to 1 default profile: "local"
2024-04-05 10:28:47 [INFO ] kopo.poly.MyBookShelfPrjApplication - Started MyBookShelfPrjApplication in 0.793 seconds (process running for 2781.177)
2024-04-05 10:28:57 [INFO ] kopo.poly.MyBookShelfPrjApplication - Starting MyBookShelfPrjApplication using Java 17.0.9 with PID 31200 (C:\JavaPRJ\myBookShelfPRJ\build\classes\java\main started by data8316-19 in C:\JavaPRJ\myBookShelfPRJ)
2024-04-05 10:28:57 [INFO ] kopo.poly.MyBookShelfPrjApplication - No active profile set, falling back to 1 default profile: "local"
2024-04-05 10:28:58 [INFO ] kopo.poly.MyBookShelfPrjApplication - Started MyBookShelfPrjApplication in 0.674 seconds (process running for 2791.611)
2024-04-05 10:29:09 [INFO ] kopo.poly.MyBookShelfPrjApplication - Starting MyBookShelfPrjApplication using Java 17.0.9 with PID 31200 (C:\JavaPRJ\myBookShelfPRJ\build\classes\java\main started by data8316-19 in C:\JavaPRJ\myBookShelfPRJ)
2024-04-05 10:29:09 [INFO ] kopo.poly.MyBookShelfPrjApplication - No active profile set, falling back to 1 default profile: "local"
2024-04-05 10:29:10 [INFO ] kopo.poly.MyBookShelfPrjApplication - Started MyBookShelfPrjApplication in 1.615 seconds (process running for 2804.104)
2024-04-05 10:30:09 [INFO ] kopo.poly.MyBookShelfPrjApplication - Starting MyBookShelfPrjApplication using Java 17.0.9 with PID 31200 (C:\JavaPRJ\myBookShelfPRJ\build\classes\java\main started by data8316-19 in C:\JavaPRJ\myBookShelfPRJ)
2024-04-05 10:30:09 [INFO ] kopo.poly.MyBookShelfPrjApplication - No active profile set, falling back to 1 default profile: "local"
2024-04-05 10:30:10 [INFO ] kopo.poly.MyBookShelfPrjApplication - Started MyBookShelfPrjApplication in 0.802 seconds (process running for 2863.511)
2024-04-05 10:31:52 [INFO ] kopo.poly.MyBookShelfPrjApplication - Starting MyBookShelfPrjApplication using Java 17.0.9 with PID 31200 (C:\JavaPRJ\myBookShelfPRJ\build\classes\java\main started by data8316-19 in C:\JavaPRJ\myBookShelfPRJ)
2024-04-05 10:31:52 [INFO ] kopo.poly.MyBookShelfPrjApplication - No active profile set, falling back to 1 default profile: "local"
2024-04-05 10:31:53 [INFO ] kopo.poly.MyBookShelfPrjApplication - Started MyBookShelfPrjApplication in 0.591 seconds (process running for 2966.784)
2024-04-05 10:31:55 [INFO ] kopo.poly.MyBookShelfPrjApplication - Starting MyBookShelfPrjApplication using Java 17.0.9 with PID 31200 (C:\JavaPRJ\myBookShelfPRJ\build\classes\java\main started by data8316-19 in C:\JavaPRJ\myBookShelfPRJ)
2024-04-05 10:31:55 [INFO ] kopo.poly.MyBookShelfPrjApplication - No active profile set, falling back to 1 default profile: "local"
2024-04-05 10:31:55 [INFO ] kopo.poly.MyBookShelfPrjApplication - Started MyBookShelfPrjApplication in 0.568 seconds (process running for 2968.948)
2024-04-05 10:33:51 [INFO ] kopo.poly.MyBookShelfPrjApplication - Starting MyBookShelfPrjApplication using Java 17.0.9 with PID 31200 (C:\JavaPRJ\myBookShelfPRJ\build\classes\java\main started by data8316-19 in C:\JavaPRJ\myBookShelfPRJ)
2024-04-05 10:33:51 [INFO ] kopo.poly.MyBookShelfPrjApplication - No active profile set, falling back to 1 default profile: "local"
2024-04-05 10:33:51 [INFO ] kopo.poly.MyBookShelfPrjApplication - Started MyBookShelfPrjApplication in 0.704 seconds (process running for 3085.151)
2024-04-05 10:35:12 [INFO ] kopo.poly.MyBookShelfPrjApplication - Starting MyBookShelfPrjApplication using Java 17.0.9 with PID 31200 (C:\JavaPRJ\myBookShelfPRJ\build\classes\java\main started by data8316-19 in C:\JavaPRJ\myBookShelfPRJ)
2024-04-05 10:35:12 [INFO ] kopo.poly.MyBookShelfPrjApplication - No active profile set, falling back to 1 default profile: "local"
2024-04-05 10:35:12 [INFO ] kopo.poly.MyBookShelfPrjApplication - Started MyBookShelfPrjApplication in 0.679 seconds (process running for 3166.246)
2024-04-05 10:36:22 [INFO ] kopo.poly.MyBookShelfPrjApplication - Starting MyBookShelfPrjApplication using Java 17.0.9 with PID 31200 (C:\JavaPRJ\myBookShelfPRJ\build\classes\java\main started by data8316-19 in C:\JavaPRJ\myBookShelfPRJ)
2024-04-05 10:36:22 [INFO ] kopo.poly.MyBookShelfPrjApplication - No active profile set, falling back to 1 default profile: "local"
2024-04-05 10:36:23 [INFO ] kopo.poly.MyBookShelfPrjApplication - Started MyBookShelfPrjApplication in 0.703 seconds (process running for 3236.669)
2024-04-05 10:37:11 [INFO ] kopo.poly.MyBookShelfPrjApplication - Starting MyBookShelfPrjApplication using Java 17.0.9 with PID 31200 (C:\JavaPRJ\myBookShelfPRJ\build\classes\java\main started by data8316-19 in C:\JavaPRJ\myBookShelfPRJ)
2024-04-05 10:37:11 [INFO ] kopo.poly.MyBookShelfPrjApplication - No active profile set, falling back to 1 default profile: "local"
2024-04-05 10:37:11 [INFO ] kopo.poly.MyBookShelfPrjApplication - Started MyBookShelfPrjApplication in 0.633 seconds (process running for 3285.269)
2024-04-05 10:37:23 [INFO ] kopo.poly.MyBookShelfPrjApplication - Starting MyBookShelfPrjApplication using Java 17.0.9 with PID 31200 (C:\JavaPRJ\myBookShelfPRJ\build\classes\java\main started by data8316-19 in C:\JavaPRJ\myBookShelfPRJ)
2024-04-05 10:37:23 [INFO ] kopo.poly.MyBookShelfPrjApplication - No active profile set, falling back to 1 default profile: "local"
2024-04-05 10:37:24 [INFO ] kopo.poly.MyBookShelfPrjApplication - Started MyBookShelfPrjApplication in 0.527 seconds (process running for 3297.731)
2024-04-05 10:37:40 [INFO ] kopo.poly.MyBookShelfPrjApplication - Starting MyBookShelfPrjApplication using Java 17.0.9 with PID 31200 (C:\JavaPRJ\myBookShelfPRJ\build\classes\java\main started by data8316-19 in C:\JavaPRJ\myBookShelfPRJ)
2024-04-05 10:37:40 [INFO ] kopo.poly.MyBookShelfPrjApplication - No active profile set, falling back to 1 default profile: "local"
2024-04-05 10:37:41 [INFO ] kopo.poly.MyBookShelfPrjApplication - Started MyBookShelfPrjApplication in 0.669 seconds (process running for 3314.364)
2024-04-05 10:38:11 [INFO ] kopo.poly.MyBookShelfPrjApplication - Starting MyBookShelfPrjApplication using Java 17.0.9 with PID 31200 (C:\JavaPRJ\myBookShelfPRJ\build\classes\java\main started by data8316-19 in C:\JavaPRJ\myBookShelfPRJ)
2024-04-05 10:38:11 [INFO ] kopo.poly.MyBookShelfPrjApplication - No active profile set, falling back to 1 default profile: "local"
2024-04-05 10:38:12 [INFO ] kopo.poly.MyBookShelfPrjApplication - Started MyBookShelfPrjApplication in 0.564 seconds (process running for 3345.331)
2024-04-05 10:38:38 [INFO ] kopo.poly.MyBookShelfPrjApplication - Starting MyBookShelfPrjApplication using Java 17.0.9 with PID 31200 (C:\JavaPRJ\myBookShelfPRJ\build\classes\java\main started by data8316-19 in C:\JavaPRJ\myBookShelfPRJ)
2024-04-05 10:38:38 [INFO ] kopo.poly.MyBookShelfPrjApplication - No active profile set, falling back to 1 default profile: "local"
2024-04-05 10:38:39 [INFO ] kopo.poly.MyBookShelfPrjApplication - Started MyBookShelfPrjApplication in 0.685 seconds (process running for 3372.413)
2024-04-05 10:39:39 [INFO ] kopo.poly.MyBookShelfPrjApplication - Starting MyBookShelfPrjApplication using Java 17.0.9 with PID 31200 (C:\JavaPRJ\myBookShelfPRJ\build\classes\java\main started by data8316-19 in C:\JavaPRJ\myBookShelfPRJ)
2024-04-05 10:39:39 [INFO ] kopo.poly.MyBookShelfPrjApplication - No active profile set, falling back to 1 default profile: "local"
2024-04-05 10:39:40 [INFO ] kopo.poly.MyBookShelfPrjApplication - Started MyBookShelfPrjApplication in 0.534 seconds (process running for 3433.35)
2024-04-05 10:40:05 [INFO ] kopo.poly.MyBookShelfPrjApplication - Starting MyBookShelfPrjApplication using Java 17.0.9 with PID 31200 (C:\JavaPRJ\myBookShelfPRJ\build\classes\java\main started by data8316-19 in C:\JavaPRJ\myBookShelfPRJ)
2024-04-05 10:40:05 [INFO ] kopo.poly.MyBookShelfPrjApplication - No active profile set, falling back to 1 default profile: "local"
2024-04-05 10:40:06 [INFO ] kopo.poly.MyBookShelfPrjApplication - Started MyBookShelfPrjApplication in 0.61 seconds (process running for 3459.311)
2024-04-05 10:40:10 [INFO ] kopo.poly.MyBookShelfPrjApplication - Starting MyBookShelfPrjApplication using Java 17.0.9 with PID 31200 (C:\JavaPRJ\myBookShelfPRJ\build\classes\java\main started by data8316-19 in C:\JavaPRJ\myBookShelfPRJ)
2024-04-05 10:40:10 [INFO ] kopo.poly.MyBookShelfPrjApplication - No active profile set, falling back to 1 default profile: "local"
2024-04-05 10:40:10 [INFO ] kopo.poly.MyBookShelfPrjApplication - Started MyBookShelfPrjApplication in 0.591 seconds (process running for 3463.946)
2024-04-05 10:42:01 [INFO ] kopo.poly.MyBookShelfPrjApplication - Starting MyBookShelfPrjApplication using Java 17.0.9 with PID 31200 (C:\JavaPRJ\myBookShelfPRJ\build\classes\java\main started by data8316-19 in C:\JavaPRJ\myBookShelfPRJ)
2024-04-05 10:42:01 [INFO ] kopo.poly.MyBookShelfPrjApplication - No active profile set, falling back to 1 default profile: "local"
2024-04-05 10:42:02 [INFO ] kopo.poly.MyBookShelfPrjApplication - Started MyBookShelfPrjApplication in 1.081 seconds (process running for 3576.059)
2024-04-05 10:44:55 [INFO ] kopo.poly.MyBookShelfPrjApplication - Starting MyBookShelfPrjApplication using Java 17.0.9 with PID 31200 (C:\JavaPRJ\myBookShelfPRJ\build\classes\java\main started by data8316-19 in C:\JavaPRJ\myBookShelfPRJ)
2024-04-05 10:44:55 [INFO ] kopo.poly.MyBookShelfPrjApplication - No active profile set, falling back to 1 default profile: "local"
2024-04-05 10:44:56 [INFO ] kopo.poly.MyBookShelfPrjApplication - Started MyBookShelfPrjApplication in 0.701 seconds (process running for 3749.523)
2024-04-05 11:10:40 [INFO ] kopo.poly.MyBookShelfPrjApplication - Starting MyBookShelfPrjApplication using Java 17.0.9 with PID 31200 (C:\JavaPRJ\myBookShelfPRJ\build\classes\java\main started by data8316-19 in C:\JavaPRJ\myBookShelfPRJ)
2024-04-05 11:10:40 [INFO ] kopo.poly.MyBookShelfPrjApplication - No active profile set, falling back to 1 default profile: "local"
2024-04-05 11:10:41 [INFO ] kopo.poly.MyBookShelfPrjApplication - Started MyBookShelfPrjApplication in 0.917 seconds (process running for 5295.107)
2024-04-05 11:12:25 [INFO ] kopo.poly.MyBookShelfPrjApplication - Starting MyBookShelfPrjApplication using Java 17.0.9 with PID 31200 (C:\JavaPRJ\myBookShelfPRJ\build\classes\java\main started by data8316-19 in C:\JavaPRJ\myBookShelfPRJ)
2024-04-05 11:12:25 [INFO ] kopo.poly.MyBookShelfPrjApplication - No active profile set, falling back to 1 default profile: "local"
2024-04-05 11:12:26 [INFO ] kopo.poly.MyBookShelfPrjApplication - Started MyBookShelfPrjApplication in 0.664 seconds (process running for 5399.607)
2024-04-05 11:13:46 [INFO ] kopo.poly.MyBookShelfPrjApplication - Starting MyBookShelfPrjApplication using Java 17.0.9 with PID 31200 (C:\JavaPRJ\myBookShelfPRJ\build\classes\java\main started by data8316-19 in C:\JavaPRJ\myBookShelfPRJ)
2024-04-05 11:13:46 [INFO ] kopo.poly.MyBookShelfPrjApplication - No active profile set, falling back to 1 default profile: "local"
2024-04-05 11:13:47 [INFO ] kopo.poly.MyBookShelfPrjApplication - Started MyBookShelfPrjApplication in 0.697 seconds (process running for 5480.313)
2024-04-05 11:14:49 [INFO ] kopo.poly.MyBookShelfPrjApplication - Starting MyBookShelfPrjApplication using Java 17.0.9 with PID 31200 (C:\JavaPRJ\myBookShelfPRJ\build\classes\java\main started by data8316-19 in C:\JavaPRJ\myBookShelfPRJ)
2024-04-05 11:14:49 [INFO ] kopo.poly.MyBookShelfPrjApplication - No active profile set, falling back to 1 default profile: "local"
2024-04-05 11:14:49 [INFO ] kopo.poly.MyBookShelfPrjApplication - Started MyBookShelfPrjApplication in 0.645 seconds (process running for 5543.213)
2024-04-05 11:14:54 [INFO ] k.poly.controller.LoginController - controller 아이디 중복체크 실행
2024-04-05 11:14:54 [INFO ] k.poly.controller.LoginController - userId : 1
2024-04-05 11:14:54 [INFO ] k.poly.service.impl.UserInfoService - service 아이디 중복 실행
2024-04-05 11:14:54 [INFO ] k.poly.service.impl.UserInfoService - userId : 1
2024-04-05 11:16:07 [INFO ] kopo.poly.MyBookShelfPrjApplication - Starting MyBookShelfPrjApplication using Java 17.0.9 with PID 31200 (C:\JavaPRJ\myBookShelfPRJ\build\classes\java\main started by data8316-19 in C:\JavaPRJ\myBookShelfPRJ)
2024-04-05 11:16:07 [INFO ] kopo.poly.MyBookShelfPrjApplication - No active profile set, falling back to 1 default profile: "local"
2024-04-05 11:16:07 [INFO ] kopo.poly.MyBookShelfPrjApplication - Started MyBookShelfPrjApplication in 0.591 seconds (process running for 5620.994)
2024-04-05 11:18:03 [INFO ] kopo.poly.MyBookShelfPrjApplication - Starting MyBookShelfPrjApplication using Java 17.0.9 with PID 31200 (C:\JavaPRJ\myBookShelfPRJ\build\classes\java\main started by data8316-19 in C:\JavaPRJ\myBookShelfPRJ)
2024-04-05 11:18:03 [INFO ] kopo.poly.MyBookShelfPrjApplication - No active profile set, falling back to 1 default profile: "local"
2024-04-05 11:18:04 [INFO ] kopo.poly.MyBookShelfPrjApplication - Started MyBookShelfPrjApplication in 0.653 seconds (process running for 5737.703)
2024-04-05 11:18:14 [INFO ] kopo.poly.MyBookShelfPrjApplication - Starting MyBookShelfPrjApplication using Java 17.0.9 with PID 31200 (C:\JavaPRJ\myBookShelfPRJ\build\classes\java\main started by data8316-19 in C:\JavaPRJ\myBookShelfPRJ)
2024-04-05 11:18:14 [INFO ] kopo.poly.MyBookShelfPrjApplication - No active profile set, falling back to 1 default profile: "local"
2024-04-05 11:18:14 [INFO ] kopo.poly.MyBookShelfPrjApplication - Started MyBookShelfPrjApplication in 0.585 seconds (process running for 5748.093)
2024-04-05 11:18:15 [INFO ] k.poly.controller.LoginController - controller 아이디 중복체크 실행
2024-04-05 11:18:15 [INFO ] k.poly.controller.LoginController - userId : 1
2024-04-05 11:18:15 [INFO ] k.poly.service.impl.UserInfoService - service 아이디 중복 실행
2024-04-05 11:18:15 [INFO ] k.poly.service.impl.UserInfoService - userId : 1
2024-04-05 11:18:15 [INFO ] k.poly.service.impl.UserInfoService - service 아이디 중복확인 종료
2024-04-05 11:18:15 [INFO ] k.poly.controller.LoginController - existsYn : N
2024-04-05 11:18:15 [INFO ] k.poly.controller.LoginController - controller 아이디 중복체크 완료
