2024-04-10 10:30:52 [INFO ] kopo.poly.MyBookShelfPrjApplication - Starting MyBookShelfPrjApplication using Java 17.0.9 with PID 12304 (C:\myBookShelfPRJ\build\classes\java\main started by donga in C:\myBookShelfPRJ)
2024-04-10 10:30:52 [INFO ] kopo.poly.MyBookShelfPrjApplication - No active profile set, falling back to 1 default profile: "local"
2024-04-10 10:30:56 [INFO ] kopo.poly.MyBookShelfPrjApplication - Started MyBookShelfPrjApplication in 4.56 seconds (process running for 5.528)
2024-04-10 11:16:24 [INFO ] kopo.poly.MyBookShelfPrjApplication - Starting MyBookShelfPrjApplication using Java 17.0.9 with PID 12304 (C:\myBookShelfPRJ\build\classes\java\main started by donga in C:\myBookShelfPRJ)
2024-04-10 11:16:24 [INFO ] kopo.poly.MyBookShelfPrjApplication - No active profile set, falling back to 1 default profile: "local"
2024-04-10 11:16:24 [INFO ] kopo.poly.MyBookShelfPrjApplication - Started MyBookShelfPrjApplication in 0.816 seconds (process running for 2733.811)
2024-04-10 11:16:26 [INFO ] kopo.poly.MyBookShelfPrjApplication - Starting MyBookShelfPrjApplication using Java 17.0.9 with PID 12304 (C:\myBookShelfPRJ\build\classes\java\main started by donga in C:\myBookShelfPRJ)
2024-04-10 11:16:26 [INFO ] kopo.poly.MyBookShelfPrjApplication - No active profile set, falling back to 1 default profile: "local"
2024-04-10 11:16:26 [INFO ] kopo.poly.MyBookShelfPrjApplication - Started MyBookShelfPrjApplication in 0.572 seconds (process running for 2735.943)
2024-04-10 11:32:55 [INFO ] kopo.poly.MyBookShelfPrjApplication - Starting MyBookShelfPrjApplication using Java 17.0.9 with PID 12304 (C:\myBookShelfPRJ\build\classes\java\main started by donga in C:\myBookShelfPRJ)
2024-04-10 11:32:55 [INFO ] kopo.poly.MyBookShelfPrjApplication - No active profile set, falling back to 1 default profile: "local"
2024-04-10 11:32:55 [INFO ] kopo.poly.MyBookShelfPrjApplication - Started MyBookShelfPrjApplication in 0.625 seconds (process running for 3724.994)
2024-04-10 11:34:29 [INFO ] kopo.poly.MyBookShelfPrjApplication - Starting MyBookShelfPrjApplication using Java 17.0.9 with PID 12304 (C:\myBookShelfPRJ\build\classes\java\main started by donga in C:\myBookShelfPRJ)
2024-04-10 11:34:29 [INFO ] kopo.poly.MyBookShelfPrjApplication - No active profile set, falling back to 1 default profile: "local"
2024-04-10 11:34:29 [INFO ] kopo.poly.MyBookShelfPrjApplication - Started MyBookShelfPrjApplication in 0.669 seconds (process running for 3818.707)
2024-04-10 11:34:31 [INFO ] kopo.poly.MyBookShelfPrjApplication - Starting MyBookShelfPrjApplication using Java 17.0.9 with PID 12304 (C:\myBookShelfPRJ\build\classes\java\main started by donga in C:\myBookShelfPRJ)
2024-04-10 11:34:31 [INFO ] kopo.poly.MyBookShelfPrjApplication - No active profile set, falling back to 1 default profile: "local"
2024-04-10 11:34:31 [INFO ] kopo.poly.MyBookShelfPrjApplication - Started MyBookShelfPrjApplication in 0.606 seconds (process running for 3820.868)
2024-04-10 11:34:36 [INFO ] k.poly.controller.UserInfoController - controller 비번 찾기 실행
2024-04-10 11:34:36 [INFO ] k.poly.controller.UserInfoController - userId : 1
2024-04-10 11:34:36 [INFO ] k.poly.controller.UserInfoController - email : 1@1
2024-04-10 11:34:36 [INFO ] k.poly.controller.UserInfoController - userName : 1
2024-04-10 11:34:36 [INFO ] k.poly.service.impl.UserInfoService - service 비번 찾기 실행
2024-04-10 11:34:36 [INFO ] k.poly.controller.UserInfoController - res : 0
2024-04-10 11:35:44 [INFO ] kopo.poly.MyBookShelfPrjApplication - Starting MyBookShelfPrjApplication using Java 17.0.9 with PID 12304 (C:\myBookShelfPRJ\build\classes\java\main started by donga in C:\myBookShelfPRJ)
2024-04-10 11:35:44 [INFO ] kopo.poly.MyBookShelfPrjApplication - No active profile set, falling back to 1 default profile: "local"
2024-04-10 11:35:45 [INFO ] kopo.poly.MyBookShelfPrjApplication - Started MyBookShelfPrjApplication in 0.62 seconds (process running for 3894.467)
2024-04-10 11:35:47 [INFO ] kopo.poly.MyBookShelfPrjApplication - Starting MyBookShelfPrjApplication using Java 17.0.9 with PID 12304 (C:\myBookShelfPRJ\build\classes\java\main started by donga in C:\myBookShelfPRJ)
2024-04-10 11:35:47 [INFO ] kopo.poly.MyBookShelfPrjApplication - No active profile set, falling back to 1 default profile: "local"
2024-04-10 11:35:47 [INFO ] kopo.poly.MyBookShelfPrjApplication - Started MyBookShelfPrjApplication in 0.581 seconds (process running for 3896.626)
2024-04-10 11:35:53 [INFO ] k.poly.controller.UserInfoController - controller 아이디 중복체크 실행
2024-04-10 11:35:53 [INFO ] k.poly.controller.UserInfoController - userId : 2
2024-04-10 11:35:53 [INFO ] k.poly.service.impl.UserInfoService - service 아이디 중복 실행
2024-04-10 11:35:53 [INFO ] k.poly.service.impl.UserInfoService - userId : 2
2024-04-10 11:35:53 [INFO ] k.poly.service.impl.UserInfoService - service 아이디 중복확인 종료
2024-04-10 11:35:53 [INFO ] k.poly.controller.UserInfoController - existsYn : Y
2024-04-10 11:35:53 [INFO ] k.poly.controller.UserInfoController - controller 아이디 중복체크 완료
2024-04-10 11:35:58 [INFO ] k.poly.controller.UserInfoController - controller 이메일 중복체크 실행
2024-04-10 11:35:58 [INFO ] k.poly.controller.UserInfoController - email : 2@2
2024-04-10 11:35:58 [INFO ] k.poly.service.impl.UserInfoService - service 이메일 중복 실행
2024-04-10 11:35:58 [INFO ] k.poly.service.impl.UserInfoService - email : 2@2
2024-04-10 11:35:58 [INFO ] k.poly.service.impl.UserInfoService - service 이메일 중복확인 종료
2024-04-10 11:35:58 [INFO ] k.poly.controller.UserInfoController - existsYn : Y
2024-04-10 11:35:58 [INFO ] k.poly.controller.UserInfoController - controller 이메일 중복체크 완료
2024-04-10 11:35:58 [INFO ] k.poly.controller.UserInfoController - 인증번호 생성 시작
2024-04-10 11:35:58 [INFO ] k.poly.controller.UserInfoController - authNumber : 7774559
2024-04-10 11:35:58 [INFO ] kopo.poly.service.impl.MailService - service 메일 발송 실행
2024-04-10 11:35:58 [INFO ] kopo.poly.service.impl.MailService - toMail : 2@2
2024-04-10 11:35:58 [INFO ] kopo.poly.service.impl.MailService - title : 이메일 인증번호 발송 메일
2024-04-10 11:35:58 [INFO ] kopo.poly.service.impl.MailService - contents : 인증번호는 7774559입니다.
2024-04-10 11:35:59 [INFO ] kopo.poly.service.impl.MailService - service 메일 발송 종료
2024-04-10 11:35:59 [INFO ] k.poly.controller.UserInfoController - 메일 발송
2024-04-10 11:36:09 [INFO ] k.poly.controller.UserInfoController - controller 회원가입 실행
2024-04-10 11:36:09 [INFO ] k.poly.controller.UserInfoController - userId : 2
2024-04-10 11:36:09 [INFO ] k.poly.controller.UserInfoController - password : 09a707b21029ff8968f3de4a61e43072730c721d91df999a276fd619208518c6
2024-04-10 11:36:09 [INFO ] k.poly.controller.UserInfoController - email : 2@2
2024-04-10 11:36:09 [INFO ] k.poly.controller.UserInfoController - nickname : 2
2024-04-10 11:36:09 [INFO ] k.poly.controller.UserInfoController - userName : 2
2024-04-10 11:36:09 [INFO ] k.poly.service.impl.UserInfoService - service 회원가입 실행
2024-04-10 11:36:09 [INFO ] k.poly.service.impl.UserInfoService - service 회원가입 종료
2024-04-10 11:36:09 [INFO ] k.poly.controller.UserInfoController - res : 1
2024-04-10 11:36:15 [INFO ] k.poly.controller.UserInfoController - controller 아이디 찾기 실행
2024-04-10 11:36:15 [INFO ] k.poly.controller.UserInfoController - email : 2@2
2024-04-10 11:36:15 [INFO ] k.poly.controller.UserInfoController - userName : 2
2024-04-10 11:36:15 [INFO ] k.poly.service.impl.UserInfoService - service 아이디 찾기 실행
2024-04-10 11:36:15 [INFO ] k.poly.service.impl.UserInfoService - userName : 2
2024-04-10 11:36:15 [INFO ] k.poly.service.impl.UserInfoService - email : 2@2
2024-04-10 11:36:15 [INFO ] k.poly.controller.UserInfoController - userId : 2
2024-04-10 11:36:33 [INFO ] k.poly.controller.UserInfoController - controller 비번 찾기 실행
2024-04-10 11:36:33 [INFO ] k.poly.controller.UserInfoController - userId : 2
2024-04-10 11:36:33 [INFO ] k.poly.controller.UserInfoController - email : 2@2
2024-04-10 11:36:33 [INFO ] k.poly.controller.UserInfoController - userName : 2
2024-04-10 11:36:33 [INFO ] k.poly.service.impl.UserInfoService - service 비번 찾기 실행
2024-04-10 11:36:33 [INFO ] k.poly.controller.UserInfoController - res : 1
2024-04-10 11:36:33 [INFO ] kopo.poly.service.impl.MailService - service 임시 비번 생성 시작
2024-04-10 11:36:33 [INFO ] kopo.poly.service.impl.MailService - 임시 비번 : yLyLjwmAgP
2024-04-10 11:36:33 [INFO ] kopo.poly.service.impl.MailService - service 임시 비번 생성 완료
2024-04-10 11:36:33 [INFO ] kopo.poly.service.impl.MailService - service 메일 발송 실행
2024-04-10 11:36:33 [INFO ] kopo.poly.service.impl.MailService - toMail : 2@2
2024-04-10 11:36:33 [INFO ] kopo.poly.service.impl.MailService - title : 임시 비밀번호 발송 메일
2024-04-10 11:36:33 [INFO ] kopo.poly.service.impl.MailService - contents : 임시 비밀번호는 yLyLjwmAgP입니다.
2024-04-10 11:36:34 [INFO ] kopo.poly.service.impl.MailService - service 메일 발송 종료
2024-04-10 11:36:34 [INFO ] k.poly.service.impl.UserInfoService - service 비번 업데이트 실행
2024-04-10 11:37:35 [INFO ] k.poly.controller.UserInfoController - controller 로그인 실행
2024-04-10 11:37:35 [INFO ] k.poly.controller.UserInfoController - userId : 2
2024-04-10 11:37:35 [INFO ] k.poly.controller.UserInfoController - password : 09a707b21029ff8968f3de4a61e43072730c721d91df999a276fd619208518c6
2024-04-10 11:37:35 [INFO ] k.poly.service.impl.UserInfoService - service 로그인 실행
2024-04-10 11:37:35 [INFO ] k.poly.service.impl.UserInfoService - userId : 2
2024-04-10 11:37:35 [INFO ] k.poly.service.impl.UserInfoService - password : 09a707b21029ff8968f3de4a61e43072730c721d91df999a276fd619208518c6
2024-04-10 11:37:35 [INFO ] k.poly.service.impl.UserInfoService - service 로그인 종료
2024-04-10 11:37:35 [INFO ] k.poly.controller.UserInfoController - controller 로그인 종료
2024-04-10 11:41:15 [INFO ] kopo.poly.MyBookShelfPrjApplication - Starting MyBookShelfPrjApplication using Java 17.0.9 with PID 12304 (C:\myBookShelfPRJ\build\classes\java\main started by donga in C:\myBookShelfPRJ)
2024-04-10 11:41:15 [INFO ] kopo.poly.MyBookShelfPrjApplication - No active profile set, falling back to 1 default profile: "local"
2024-04-10 11:41:16 [INFO ] kopo.poly.MyBookShelfPrjApplication - Started MyBookShelfPrjApplication in 0.742 seconds (process running for 4225.348)
2024-04-10 11:41:17 [INFO ] kopo.poly.MyBookShelfPrjApplication - Starting MyBookShelfPrjApplication using Java 17.0.9 with PID 12304 (C:\myBookShelfPRJ\build\classes\java\main started by donga in C:\myBookShelfPRJ)
2024-04-10 11:41:17 [INFO ] kopo.poly.MyBookShelfPrjApplication - No active profile set, falling back to 1 default profile: "local"
2024-04-10 11:41:18 [INFO ] kopo.poly.MyBookShelfPrjApplication - Started MyBookShelfPrjApplication in 0.652 seconds (process running for 4227.55)
2024-04-10 11:41:23 [INFO ] k.poly.controller.UserInfoController - controller 비번 찾기 실행
2024-04-10 11:41:23 [INFO ] k.poly.controller.UserInfoController - userId : 2
2024-04-10 11:41:23 [INFO ] k.poly.controller.UserInfoController - email : 2@
2024-04-10 11:41:23 [INFO ] k.poly.controller.UserInfoController - userName : 2
2024-04-10 11:41:23 [INFO ] k.poly.service.impl.UserInfoService - service 비번 찾기 실행
2024-04-10 11:41:23 [INFO ] k.poly.controller.UserInfoController - res : 0
2024-04-10 11:41:25 [INFO ] k.poly.controller.UserInfoController - controller 비번 찾기 실행
2024-04-10 11:41:25 [INFO ] k.poly.controller.UserInfoController - userId : 2
2024-04-10 11:41:25 [INFO ] k.poly.controller.UserInfoController - email : 2@2
2024-04-10 11:41:25 [INFO ] k.poly.controller.UserInfoController - userName : 2
2024-04-10 11:41:25 [INFO ] k.poly.service.impl.UserInfoService - service 비번 찾기 실행
2024-04-10 11:41:25 [INFO ] k.poly.controller.UserInfoController - res : 1
2024-04-10 11:41:25 [INFO ] kopo.poly.service.impl.MailService - service 임시 비번 생성 시작
2024-04-10 11:41:25 [INFO ] kopo.poly.service.impl.MailService - 임시 비번 : JDgrAuBk3C
2024-04-10 11:41:25 [INFO ] kopo.poly.service.impl.MailService - service 임시 비번 생성 완료
2024-04-10 11:41:25 [INFO ] kopo.poly.service.impl.MailService - service 메일 발송 실행
2024-04-10 11:41:25 [INFO ] kopo.poly.service.impl.MailService - toMail : 2@2
2024-04-10 11:41:25 [INFO ] kopo.poly.service.impl.MailService - title : 임시 비밀번호 발송 메일
2024-04-10 11:41:25 [INFO ] kopo.poly.service.impl.MailService - contents : 임시 비밀번호는 JDgrAuBk3C입니다.
2024-04-10 11:41:26 [INFO ] kopo.poly.service.impl.MailService - service 메일 발송 종료
2024-04-10 11:41:26 [INFO ] k.poly.service.impl.UserInfoService - service 비번 업데이트 실행
2024-04-10 11:42:16 [INFO ] kopo.poly.MyBookShelfPrjApplication - Starting MyBookShelfPrjApplication using Java 17.0.9 with PID 12304 (C:\myBookShelfPRJ\build\classes\java\main started by donga in C:\myBookShelfPRJ)
2024-04-10 11:42:16 [INFO ] kopo.poly.MyBookShelfPrjApplication - No active profile set, falling back to 1 default profile: "local"
2024-04-10 11:42:18 [INFO ] kopo.poly.MyBookShelfPrjApplication - Starting MyBookShelfPrjApplication using Java 17.0.9 with PID 12304 (C:\myBookShelfPRJ\build\classes\java\main started by donga in C:\myBookShelfPRJ)
2024-04-10 11:42:18 [INFO ] kopo.poly.MyBookShelfPrjApplication - No active profile set, falling back to 1 default profile: "local"
2024-04-10 11:42:18 [INFO ] kopo.poly.MyBookShelfPrjApplication - Started MyBookShelfPrjApplication in 0.605 seconds (process running for 4287.785)
2024-04-10 11:42:24 [INFO ] k.poly.controller.UserInfoController - controller 비번 찾기 실행
2024-04-10 11:42:24 [INFO ] k.poly.controller.UserInfoController - userId : 2
2024-04-10 11:42:24 [INFO ] k.poly.controller.UserInfoController - email : 2@2
2024-04-10 11:42:24 [INFO ] k.poly.controller.UserInfoController - userName : 2
2024-04-10 11:42:24 [INFO ] k.poly.service.impl.UserInfoService - service 비번 찾기 실행
2024-04-10 11:42:24 [INFO ] k.poly.controller.UserInfoController - res : 1
2024-04-10 11:42:24 [INFO ] kopo.poly.service.impl.MailService - service 임시 비번 생성 시작
2024-04-10 11:42:24 [INFO ] kopo.poly.service.impl.MailService - 임시 비번 : pASSndQftN
2024-04-10 11:42:24 [INFO ] kopo.poly.service.impl.MailService - service 임시 비번 생성 완료
2024-04-10 11:42:24 [INFO ] kopo.poly.service.impl.MailService - service 메일 발송 실행
2024-04-10 11:42:24 [INFO ] kopo.poly.service.impl.MailService - toMail : 2@2
2024-04-10 11:42:24 [INFO ] kopo.poly.service.impl.MailService - title : 임시 비밀번호 발송 메일
2024-04-10 11:42:24 [INFO ] kopo.poly.service.impl.MailService - contents : 임시 비밀번호는 pASSndQftN입니다.
2024-04-10 11:42:25 [INFO ] kopo.poly.service.impl.MailService - service 메일 발송 종료
2024-04-10 11:42:25 [INFO ] k.poly.service.impl.UserInfoService - service 비번 업데이트 실행
2024-04-10 11:43:25 [INFO ] kopo.poly.MyBookShelfPrjApplication - Starting MyBookShelfPrjApplication using Java 17.0.9 with PID 12304 (C:\myBookShelfPRJ\build\classes\java\main started by donga in C:\myBookShelfPRJ)
2024-04-10 11:43:25 [INFO ] kopo.poly.MyBookShelfPrjApplication - No active profile set, falling back to 1 default profile: "local"
2024-04-10 11:43:26 [INFO ] kopo.poly.MyBookShelfPrjApplication - Started MyBookShelfPrjApplication in 0.577 seconds (process running for 4355.573)
2024-04-10 11:43:28 [INFO ] kopo.poly.MyBookShelfPrjApplication - Starting MyBookShelfPrjApplication using Java 17.0.9 with PID 12304 (C:\myBookShelfPRJ\build\classes\java\main started by donga in C:\myBookShelfPRJ)
2024-04-10 11:43:28 [INFO ] kopo.poly.MyBookShelfPrjApplication - No active profile set, falling back to 1 default profile: "local"
2024-04-10 11:43:28 [INFO ] kopo.poly.MyBookShelfPrjApplication - Started MyBookShelfPrjApplication in 0.598 seconds (process running for 4357.707)
2024-04-10 11:44:23 [INFO ] kopo.poly.MyBookShelfPrjApplication - Starting MyBookShelfPrjApplication using Java 17.0.9 with PID 4488 (C:\myBookShelfPRJ\build\classes\java\main started by donga in C:\myBookShelfPRJ)
2024-04-10 11:44:23 [INFO ] kopo.poly.MyBookShelfPrjApplication - No active profile set, falling back to 1 default profile: "local"
2024-04-10 11:44:26 [INFO ] kopo.poly.MyBookShelfPrjApplication - Started MyBookShelfPrjApplication in 3.633 seconds (process running for 4.331)
2024-04-10 11:45:45 [INFO ] k.poly.controller.UserInfoController - controller 아이디 중복체크 실행
2024-04-10 11:45:45 [INFO ] k.poly.controller.UserInfoController - userId : 1
2024-04-10 11:45:45 [INFO ] k.poly.service.impl.UserInfoService - service 아이디 중복 실행
2024-04-10 11:45:45 [INFO ] k.poly.service.impl.UserInfoService - userId : 1
2024-04-10 11:45:45 [INFO ] k.poly.service.impl.UserInfoService - service 아이디 중복확인 종료
2024-04-10 11:45:45 [INFO ] k.poly.controller.UserInfoController - existsYn : Y
2024-04-10 11:45:45 [INFO ] k.poly.controller.UserInfoController - controller 아이디 중복체크 완료
2024-04-10 11:45:48 [INFO ] k.poly.controller.UserInfoController - controller 이메일 중복체크 실행
2024-04-10 11:45:48 [INFO ] k.poly.controller.UserInfoController - email : 1@1
2024-04-10 11:45:48 [INFO ] k.poly.service.impl.UserInfoService - service 이메일 중복 실행
2024-04-10 11:45:48 [INFO ] k.poly.service.impl.UserInfoService - email : 1@1
2024-04-10 11:45:48 [INFO ] k.poly.service.impl.UserInfoService - service 이메일 중복확인 종료
2024-04-10 11:45:48 [INFO ] k.poly.controller.UserInfoController - existsYn : Y
2024-04-10 11:45:48 [INFO ] k.poly.controller.UserInfoController - controller 이메일 중복체크 완료
2024-04-10 11:45:48 [INFO ] k.poly.controller.UserInfoController - 인증번호 생성 시작
2024-04-10 11:45:48 [INFO ] k.poly.controller.UserInfoController - authNumber : 2759949
2024-04-10 11:45:48 [INFO ] kopo.poly.service.impl.MailService - service 메일 발송 실행
2024-04-10 11:45:48 [INFO ] kopo.poly.service.impl.MailService - toMail : 1@1
2024-04-10 11:45:48 [INFO ] kopo.poly.service.impl.MailService - title : 이메일 인증번호 발송 메일
2024-04-10 11:45:48 [INFO ] kopo.poly.service.impl.MailService - contents : 인증번호는 2759949입니다.
2024-04-10 11:45:49 [INFO ] kopo.poly.service.impl.MailService - service 메일 발송 종료
2024-04-10 11:45:49 [INFO ] k.poly.controller.UserInfoController - 메일 발송
2024-04-10 11:45:59 [INFO ] k.poly.controller.UserInfoController - controller 회원가입 실행
2024-04-10 11:45:59 [INFO ] k.poly.controller.UserInfoController - userId : 1
2024-04-10 11:45:59 [INFO ] k.poly.controller.UserInfoController - password : 629bb449e3e9c46949254adb14bdc9dbee91790bf54185ae839d9f4733249481
2024-04-10 11:45:59 [INFO ] k.poly.controller.UserInfoController - email : 1@1
2024-04-10 11:45:59 [INFO ] k.poly.controller.UserInfoController - nickname : 1
2024-04-10 11:45:59 [INFO ] k.poly.controller.UserInfoController - userName : 1
2024-04-10 11:45:59 [INFO ] k.poly.service.impl.UserInfoService - service 회원가입 실행
2024-04-10 11:45:59 [INFO ] k.poly.service.impl.UserInfoService - service 회원가입 종료
2024-04-10 11:45:59 [INFO ] k.poly.controller.UserInfoController - res : 1
2024-04-10 11:46:04 [INFO ] k.poly.controller.UserInfoController - controller 비번 찾기 실행
2024-04-10 11:46:04 [INFO ] k.poly.controller.UserInfoController - userId : 1
2024-04-10 11:46:04 [INFO ] k.poly.controller.UserInfoController - email : 1@1
2024-04-10 11:46:04 [INFO ] k.poly.controller.UserInfoController - userName : 1
2024-04-10 11:46:04 [INFO ] k.poly.service.impl.UserInfoService - service 비번 찾기 실행
2024-04-10 11:46:04 [INFO ] k.poly.controller.UserInfoController - res : 1
2024-04-10 11:46:04 [INFO ] kopo.poly.service.impl.MailService - service 임시 비번 생성 시작
2024-04-10 11:46:04 [INFO ] kopo.poly.service.impl.MailService - 임시 비번 : I1DiV05MFs
2024-04-10 11:46:04 [INFO ] kopo.poly.service.impl.MailService - service 임시 비번 생성 완료
2024-04-10 11:46:04 [INFO ] kopo.poly.service.impl.MailService - service 메일 발송 실행
2024-04-10 11:46:04 [INFO ] kopo.poly.service.impl.MailService - toMail : 1@1
2024-04-10 11:46:04 [INFO ] kopo.poly.service.impl.MailService - title : 임시 비밀번호 발송 메일
2024-04-10 11:46:04 [INFO ] kopo.poly.service.impl.MailService - contents : 임시 비밀번호는 I1DiV05MFs입니다.
2024-04-10 11:46:04 [INFO ] kopo.poly.service.impl.MailService - service 메일 발송 종료
2024-04-10 11:46:04 [INFO ] k.poly.service.impl.UserInfoService - service 비번 업데이트 실행
2024-04-10 11:47:25 [INFO ] kopo.poly.MyBookShelfPrjApplication - Starting MyBookShelfPrjApplication using Java 17.0.9 with PID 4488 (C:\myBookShelfPRJ\build\classes\java\main started by donga in C:\myBookShelfPRJ)
2024-04-10 11:47:25 [INFO ] kopo.poly.MyBookShelfPrjApplication - No active profile set, falling back to 1 default profile: "local"
2024-04-10 11:47:26 [INFO ] kopo.poly.MyBookShelfPrjApplication - Started MyBookShelfPrjApplication in 0.752 seconds (process running for 183.933)
2024-04-10 11:47:27 [INFO ] kopo.poly.MyBookShelfPrjApplication - Starting MyBookShelfPrjApplication using Java 17.0.9 with PID 4488 (C:\myBookShelfPRJ\build\classes\java\main started by donga in C:\myBookShelfPRJ)
2024-04-10 11:47:27 [INFO ] kopo.poly.MyBookShelfPrjApplication - No active profile set, falling back to 1 default profile: "local"
2024-04-10 11:47:28 [INFO ] kopo.poly.MyBookShelfPrjApplication - Started MyBookShelfPrjApplication in 0.604 seconds (process running for 186.098)
2024-04-10 11:49:37 [INFO ] kopo.poly.MyBookShelfPrjApplication - Starting MyBookShelfPrjApplication using Java 17.0.9 with PID 4488 (C:\myBookShelfPRJ\build\classes\java\main started by donga in C:\myBookShelfPRJ)
2024-04-10 11:49:37 [INFO ] kopo.poly.MyBookShelfPrjApplication - No active profile set, falling back to 1 default profile: "local"
2024-04-10 11:49:40 [INFO ] kopo.poly.MyBookShelfPrjApplication - Starting MyBookShelfPrjApplication using Java 17.0.9 with PID 4488 (C:\myBookShelfPRJ\build\classes\java\main started by donga in C:\myBookShelfPRJ)
2024-04-10 11:49:40 [INFO ] kopo.poly.MyBookShelfPrjApplication - No active profile set, falling back to 1 default profile: "local"
2024-04-10 11:49:40 [INFO ] kopo.poly.MyBookShelfPrjApplication - Started MyBookShelfPrjApplication in 0.585 seconds (process running for 318.337)
2024-04-10 11:49:47 [INFO ] k.poly.controller.UserInfoController - controller 아이디 중복체크 실행
2024-04-10 11:49:47 [INFO ] k.poly.controller.UserInfoController - userId : 1
2024-04-10 11:49:47 [INFO ] k.poly.service.impl.UserInfoService - service 아이디 중복 실행
2024-04-10 11:49:47 [INFO ] k.poly.service.impl.UserInfoService - userId : 1
2024-04-10 11:49:47 [INFO ] k.poly.service.impl.UserInfoService - service 아이디 중복확인 종료
2024-04-10 11:49:47 [INFO ] k.poly.controller.UserInfoController - existsYn : Y
2024-04-10 11:49:47 [INFO ] k.poly.controller.UserInfoController - controller 아이디 중복체크 완료
2024-04-10 11:49:50 [INFO ] k.poly.controller.UserInfoController - controller 이메일 중복체크 실행
2024-04-10 11:49:50 [INFO ] k.poly.controller.UserInfoController - email : 1@1
2024-04-10 11:49:50 [INFO ] k.poly.service.impl.UserInfoService - service 이메일 중복 실행
2024-04-10 11:49:50 [INFO ] k.poly.service.impl.UserInfoService - email : 1@1
2024-04-10 11:49:50 [INFO ] k.poly.service.impl.UserInfoService - service 이메일 중복확인 종료
2024-04-10 11:49:50 [INFO ] k.poly.controller.UserInfoController - existsYn : Y
2024-04-10 11:49:50 [INFO ] k.poly.controller.UserInfoController - controller 이메일 중복체크 완료
2024-04-10 11:49:50 [INFO ] k.poly.controller.UserInfoController - 인증번호 생성 시작
2024-04-10 11:49:50 [INFO ] k.poly.controller.UserInfoController - authNumber : 9738211
2024-04-10 11:49:50 [INFO ] kopo.poly.service.impl.MailService - service 메일 발송 실행
2024-04-10 11:49:50 [INFO ] kopo.poly.service.impl.MailService - toMail : 1@1
2024-04-10 11:49:50 [INFO ] kopo.poly.service.impl.MailService - title : 이메일 인증번호 발송 메일
2024-04-10 11:49:50 [INFO ] kopo.poly.service.impl.MailService - contents : 인증번호는 9738211입니다.
2024-04-10 11:49:50 [INFO ] kopo.poly.service.impl.MailService - service 메일 발송 종료
2024-04-10 11:49:50 [INFO ] k.poly.controller.UserInfoController - 메일 발송
2024-04-10 11:49:57 [INFO ] k.poly.controller.UserInfoController - controller 회원가입 실행
2024-04-10 11:49:57 [INFO ] k.poly.controller.UserInfoController - userId : 1
2024-04-10 11:49:57 [INFO ] k.poly.controller.UserInfoController - password : 629bb449e3e9c46949254adb14bdc9dbee91790bf54185ae839d9f4733249481
2024-04-10 11:49:57 [INFO ] k.poly.controller.UserInfoController - email : 1@1
2024-04-10 11:49:57 [INFO ] k.poly.controller.UserInfoController - nickname : 1
2024-04-10 11:49:57 [INFO ] k.poly.controller.UserInfoController - userName : 1
2024-04-10 11:49:57 [INFO ] k.poly.service.impl.UserInfoService - service 회원가입 실행
2024-04-10 11:49:57 [INFO ] k.poly.service.impl.UserInfoService - service 회원가입 종료
2024-04-10 11:49:57 [INFO ] k.poly.controller.UserInfoController - res : 1
2024-04-10 11:50:02 [INFO ] k.poly.controller.UserInfoController - controller 비번 찾기 실행
2024-04-10 11:50:02 [INFO ] k.poly.controller.UserInfoController - userId : 1
2024-04-10 11:50:02 [INFO ] k.poly.controller.UserInfoController - email : 1@1
2024-04-10 11:50:02 [INFO ] k.poly.controller.UserInfoController - userName : 1
2024-04-10 11:50:02 [INFO ] k.poly.service.impl.UserInfoService - service 비번 찾기 실행
2024-04-10 11:50:02 [INFO ] k.poly.controller.UserInfoController - res : 1
2024-04-10 11:50:02 [INFO ] kopo.poly.service.impl.MailService - service 임시 비번 생성 시작
2024-04-10 11:50:02 [INFO ] kopo.poly.service.impl.MailService - 임시 비번 : hFyUipQtNF
2024-04-10 11:50:02 [INFO ] kopo.poly.service.impl.MailService - service 임시 비번 생성 완료
2024-04-10 11:50:02 [INFO ] kopo.poly.service.impl.MailService - service 메일 발송 실행
2024-04-10 11:50:02 [INFO ] kopo.poly.service.impl.MailService - toMail : 1@1
2024-04-10 11:50:02 [INFO ] kopo.poly.service.impl.MailService - title : 임시 비밀번호 발송 메일
2024-04-10 11:50:02 [INFO ] kopo.poly.service.impl.MailService - contents : 임시 비밀번호는 de3200dd8ddda0ddeefdfce32e2c36a39a093a47776acd957122ccfda2b13df7입니다.
2024-04-10 11:50:02 [INFO ] kopo.poly.service.impl.MailService - service 메일 발송 종료
2024-04-10 11:50:02 [INFO ] k.poly.service.impl.UserInfoService - service 비번 업데이트 실행
2024-04-10 11:55:03 [INFO ] kopo.poly.MyBookShelfPrjApplication - Starting MyBookShelfPrjApplication using Java 17.0.9 with PID 4488 (C:\myBookShelfPRJ\build\classes\java\main started by donga in C:\myBookShelfPRJ)
2024-04-10 11:55:03 [INFO ] kopo.poly.MyBookShelfPrjApplication - No active profile set, falling back to 1 default profile: "local"
2024-04-10 11:55:03 [INFO ] kopo.poly.MyBookShelfPrjApplication - Started MyBookShelfPrjApplication in 0.68 seconds (process running for 641.497)
2024-04-10 11:55:05 [INFO ] kopo.poly.MyBookShelfPrjApplication - Starting MyBookShelfPrjApplication using Java 17.0.9 with PID 4488 (C:\myBookShelfPRJ\build\classes\java\main started by donga in C:\myBookShelfPRJ)
2024-04-10 11:55:05 [INFO ] kopo.poly.MyBookShelfPrjApplication - No active profile set, falling back to 1 default profile: "local"
2024-04-10 11:55:05 [INFO ] kopo.poly.MyBookShelfPrjApplication - Started MyBookShelfPrjApplication in 0.615 seconds (process running for 643.657)
2024-04-10 11:55:09 [INFO ] k.poly.controller.UserInfoController - controller 비번 찾기 실행
2024-04-10 11:55:09 [INFO ] k.poly.controller.UserInfoController - userId : 1
2024-04-10 11:55:09 [INFO ] k.poly.controller.UserInfoController - email : 1@1
2024-04-10 11:55:09 [INFO ] k.poly.controller.UserInfoController - userName : 1
2024-04-10 11:55:09 [INFO ] k.poly.service.impl.UserInfoService - service 비번 찾기 실행
2024-04-10 11:55:09 [INFO ] k.poly.controller.UserInfoController - res : 1
2024-04-10 11:55:09 [INFO ] kopo.poly.service.impl.MailService - service 임시 비번 생성 시작
2024-04-10 11:55:09 [INFO ] kopo.poly.service.impl.MailService - 임시 비번 : dlcYKMaVWZ
2024-04-10 11:55:09 [INFO ] kopo.poly.service.impl.MailService - service 임시 비번 생성 완료
2024-04-10 11:55:09 [INFO ] kopo.poly.service.impl.MailService - service 메일 발송 실행
2024-04-10 11:55:09 [INFO ] kopo.poly.service.impl.MailService - toMail : 1@1
2024-04-10 11:55:09 [INFO ] kopo.poly.service.impl.MailService - title : 임시 비밀번호 발송 메일
2024-04-10 11:55:09 [INFO ] kopo.poly.service.impl.MailService - contents : 임시 비밀번호는 8c9827194f2f9a032d2f2cf89a78bb2a3ca94d78fef2dabe86c62fa80fd26257입니다.
2024-04-10 11:55:10 [INFO ] kopo.poly.service.impl.MailService - service 메일 발송 종료
2024-04-10 11:55:10 [INFO ] k.poly.service.impl.UserInfoService - service 비번 업데이트 실행
2024-04-10 11:55:27 [INFO ] k.poly.controller.UserInfoController - controller 로그인 실행
2024-04-10 11:55:27 [INFO ] k.poly.controller.UserInfoController - userId : 1
2024-04-10 11:55:27 [INFO ] k.poly.controller.UserInfoController - password : 8c9827194f2f9a032d2f2cf89a78bb2a3ca94d78fef2dabe86c62fa80fd26257
2024-04-10 11:55:27 [INFO ] k.poly.service.impl.UserInfoService - service 로그인 실행
2024-04-10 11:55:27 [INFO ] k.poly.service.impl.UserInfoService - userId : 1
2024-04-10 11:55:27 [INFO ] k.poly.service.impl.UserInfoService - password : 8c9827194f2f9a032d2f2cf89a78bb2a3ca94d78fef2dabe86c62fa80fd26257
2024-04-10 11:55:27 [INFO ] k.poly.service.impl.UserInfoService - service 로그인 종료
2024-04-10 11:55:27 [INFO ] k.poly.controller.UserInfoController - controller 로그인 종료
2024-04-10 13:52:16 [INFO ] kopo.poly.MyBookShelfPrjApplication - Starting MyBookShelfPrjApplication using Java 17.0.9 with PID 4488 (C:\myBookShelfPRJ\build\classes\java\main started by donga in C:\myBookShelfPRJ)
2024-04-10 13:52:16 [INFO ] kopo.poly.MyBookShelfPrjApplication - No active profile set, falling back to 1 default profile: "local"
2024-04-10 13:52:17 [INFO ] kopo.poly.MyBookShelfPrjApplication - Started MyBookShelfPrjApplication in 0.708 seconds (process running for 7674.779)
2024-04-10 13:52:18 [INFO ] kopo.poly.MyBookShelfPrjApplication - Starting MyBookShelfPrjApplication using Java 17.0.9 with PID 4488 (C:\myBookShelfPRJ\build\classes\java\main started by donga in C:\myBookShelfPRJ)
2024-04-10 13:52:18 [INFO ] kopo.poly.MyBookShelfPrjApplication - No active profile set, falling back to 1 default profile: "local"
2024-04-10 13:52:19 [INFO ] kopo.poly.MyBookShelfPrjApplication - Started MyBookShelfPrjApplication in 0.621 seconds (process running for 7676.926)
2024-04-10 14:43:44 [INFO ] kopo.poly.MyBookShelfPrjApplication - Starting MyBookShelfPrjApplication using Java 17.0.9 with PID 4488 (C:\myBookShelfPRJ\build\classes\java\main started by donga in C:\myBookShelfPRJ)
2024-04-10 14:43:44 [INFO ] kopo.poly.MyBookShelfPrjApplication - No active profile set, falling back to 1 default profile: "local"
2024-04-10 14:43:45 [INFO ] kopo.poly.MyBookShelfPrjApplication - Started MyBookShelfPrjApplication in 0.851 seconds (process running for 10762.909)
2024-04-10 14:45:59 [INFO ] kopo.poly.MyBookShelfPrjApplication - Starting MyBookShelfPrjApplication using Java 17.0.9 with PID 4488 (C:\myBookShelfPRJ\build\classes\java\main started by donga in C:\myBookShelfPRJ)
2024-04-10 14:45:59 [INFO ] kopo.poly.MyBookShelfPrjApplication - No active profile set, falling back to 1 default profile: "local"
2024-04-10 14:45:59 [INFO ] kopo.poly.MyBookShelfPrjApplication - Started MyBookShelfPrjApplication in 0.623 seconds (process running for 10897.501)
2024-04-10 14:46:23 [INFO ] kopo.poly.MyBookShelfPrjApplication - Starting MyBookShelfPrjApplication using Java 17.0.9 with PID 4488 (C:\myBookShelfPRJ\build\classes\java\main started by donga in C:\myBookShelfPRJ)
2024-04-10 14:46:23 [INFO ] kopo.poly.MyBookShelfPrjApplication - No active profile set, falling back to 1 default profile: "local"
2024-04-10 14:46:24 [INFO ] kopo.poly.MyBookShelfPrjApplication - Started MyBookShelfPrjApplication in 0.656 seconds (process running for 10922.057)
2024-04-10 14:47:36 [INFO ] kopo.poly.MyBookShelfPrjApplication - Starting MyBookShelfPrjApplication using Java 17.0.9 with PID 4488 (C:\myBookShelfPRJ\build\classes\java\main started by donga in C:\myBookShelfPRJ)
2024-04-10 14:47:36 [INFO ] kopo.poly.MyBookShelfPrjApplication - No active profile set, falling back to 1 default profile: "local"
2024-04-10 14:47:36 [INFO ] kopo.poly.MyBookShelfPrjApplication - Started MyBookShelfPrjApplication in 0.561 seconds (process running for 10994.321)
2024-04-10 14:48:00 [INFO ] kopo.poly.MyBookShelfPrjApplication - Starting MyBookShelfPrjApplication using Java 17.0.9 with PID 4488 (C:\myBookShelfPRJ\build\classes\java\main started by donga in C:\myBookShelfPRJ)
2024-04-10 14:48:00 [INFO ] kopo.poly.MyBookShelfPrjApplication - No active profile set, falling back to 1 default profile: "local"
2024-04-10 14:48:01 [INFO ] kopo.poly.MyBookShelfPrjApplication - Started MyBookShelfPrjApplication in 0.614 seconds (process running for 11019.176)
2024-04-10 14:48:16 [INFO ] kopo.poly.MyBookShelfPrjApplication - Starting MyBookShelfPrjApplication using Java 17.0.9 with PID 4488 (C:\myBookShelfPRJ\build\classes\java\main started by donga in C:\myBookShelfPRJ)
2024-04-10 14:48:16 [INFO ] kopo.poly.MyBookShelfPrjApplication - No active profile set, falling back to 1 default profile: "local"
2024-04-10 14:48:17 [INFO ] kopo.poly.MyBookShelfPrjApplication - Started MyBookShelfPrjApplication in 0.554 seconds (process running for 11035.078)
2024-04-10 14:50:49 [INFO ] kopo.poly.MyBookShelfPrjApplication - Starting MyBookShelfPrjApplication using Java 17.0.9 with PID 4488 (C:\myBookShelfPRJ\build\classes\java\main started by donga in C:\myBookShelfPRJ)
2024-04-10 14:50:49 [INFO ] kopo.poly.MyBookShelfPrjApplication - No active profile set, falling back to 1 default profile: "local"
2024-04-10 14:50:50 [INFO ] kopo.poly.MyBookShelfPrjApplication - Started MyBookShelfPrjApplication in 0.701 seconds (process running for 11188.196)
2024-04-10 14:50:52 [INFO ] kopo.poly.MyBookShelfPrjApplication - Starting MyBookShelfPrjApplication using Java 17.0.9 with PID 4488 (C:\myBookShelfPRJ\build\classes\java\main started by donga in C:\myBookShelfPRJ)
2024-04-10 14:50:52 [INFO ] kopo.poly.MyBookShelfPrjApplication - No active profile set, falling back to 1 default profile: "local"
2024-04-10 14:50:52 [INFO ] kopo.poly.MyBookShelfPrjApplication - Started MyBookShelfPrjApplication in 0.564 seconds (process running for 11190.303)
2024-04-10 15:06:59 [INFO ] kopo.poly.MyBookShelfPrjApplication - Starting MyBookShelfPrjApplication using Java 17.0.9 with PID 4488 (C:\myBookShelfPRJ\build\classes\java\main started by donga in C:\myBookShelfPRJ)
2024-04-10 15:06:59 [INFO ] kopo.poly.MyBookShelfPrjApplication - No active profile set, falling back to 1 default profile: "local"
2024-04-10 15:06:59 [INFO ] kopo.poly.MyBookShelfPrjApplication - Started MyBookShelfPrjApplication in 0.672 seconds (process running for 12157.344)
2024-04-10 15:07:01 [INFO ] kopo.poly.MyBookShelfPrjApplication - Starting MyBookShelfPrjApplication using Java 17.0.9 with PID 4488 (C:\myBookShelfPRJ\build\classes\java\main started by donga in C:\myBookShelfPRJ)
2024-04-10 15:07:01 [INFO ] kopo.poly.MyBookShelfPrjApplication - No active profile set, falling back to 1 default profile: "local"
2024-04-10 15:07:01 [INFO ] kopo.poly.MyBookShelfPrjApplication - Started MyBookShelfPrjApplication in 0.584 seconds (process running for 12159.483)
2024-04-10 15:09:09 [INFO ] k.poly.controller.UserInfoController - controller 내 정보 가져오기
2024-04-10 15:09:09 [INFO ] k.poly.service.impl.UserInfoService - service 내 정보 가져오기 실행
2024-04-10 15:09:10 [INFO ] kopo.poly.MyBookShelfPrjApplication - Starting MyBookShelfPrjApplication using Java 17.0.9 with PID 4488 (C:\myBookShelfPRJ\build\classes\java\main started by donga in C:\myBookShelfPRJ)
2024-04-10 15:09:10 [INFO ] kopo.poly.MyBookShelfPrjApplication - No active profile set, falling back to 1 default profile: "local"
2024-04-10 15:09:10 [INFO ] kopo.poly.MyBookShelfPrjApplication - Started MyBookShelfPrjApplication in 0.581 seconds (process running for 12288.489)
2024-04-10 15:09:14 [INFO ] k.poly.controller.UserInfoController - controller 내 정보 가져오기
2024-04-10 15:09:14 [INFO ] k.poly.service.impl.UserInfoService - service 내 정보 가져오기 실행
2024-04-10 15:09:27 [INFO ] kopo.poly.MyBookShelfPrjApplication - Starting MyBookShelfPrjApplication using Java 17.0.9 with PID 4488 (C:\myBookShelfPRJ\build\classes\java\main started by donga in C:\myBookShelfPRJ)
2024-04-10 15:09:27 [INFO ] kopo.poly.MyBookShelfPrjApplication - No active profile set, falling back to 1 default profile: "local"
2024-04-10 15:09:27 [INFO ] kopo.poly.MyBookShelfPrjApplication - Started MyBookShelfPrjApplication in 0.588 seconds (process running for 12305.482)
2024-04-10 15:09:28 [INFO ] k.poly.controller.UserInfoController - controller 내 정보 가져오기
2024-04-10 15:09:28 [INFO ] k.poly.service.impl.UserInfoService - service 내 정보 가져오기 실행
2024-04-10 15:09:56 [INFO ] kopo.poly.MyBookShelfPrjApplication - Starting MyBookShelfPrjApplication using Java 17.0.9 with PID 4488 (C:\myBookShelfPRJ\build\classes\java\main started by donga in C:\myBookShelfPRJ)
2024-04-10 15:09:56 [INFO ] kopo.poly.MyBookShelfPrjApplication - No active profile set, falling back to 1 default profile: "local"
2024-04-10 15:09:57 [INFO ] kopo.poly.MyBookShelfPrjApplication - Started MyBookShelfPrjApplication in 0.639 seconds (process running for 12335.294)
2024-04-10 15:09:59 [INFO ] kopo.poly.MyBookShelfPrjApplication - Starting MyBookShelfPrjApplication using Java 17.0.9 with PID 4488 (C:\myBookShelfPRJ\build\classes\java\main started by donga in C:\myBookShelfPRJ)
2024-04-10 15:09:59 [INFO ] kopo.poly.MyBookShelfPrjApplication - No active profile set, falling back to 1 default profile: "local"
2024-04-10 15:09:59 [INFO ] kopo.poly.MyBookShelfPrjApplication - Started MyBookShelfPrjApplication in 0.6 seconds (process running for 12337.422)
2024-04-10 15:10:00 [INFO ] k.poly.controller.UserInfoController - controller 내 정보 가져오기
2024-04-10 15:10:00 [INFO ] k.poly.service.impl.UserInfoService - service 내 정보 가져오기 실행
2024-04-10 15:10:00 [INFO ] k.poly.controller.UserInfoController - UserInfoDTO[userId=null, userName=null, password=null, email=null, nickname=null, existsYn=null, roles=null]
2024-04-10 15:10:41 [INFO ] kopo.poly.MyBookShelfPrjApplication - Starting MyBookShelfPrjApplication using Java 17.0.9 with PID 4488 (C:\myBookShelfPRJ\build\classes\java\main started by donga in C:\myBookShelfPRJ)
2024-04-10 15:10:41 [INFO ] kopo.poly.MyBookShelfPrjApplication - No active profile set, falling back to 1 default profile: "local"
2024-04-10 15:10:43 [INFO ] kopo.poly.MyBookShelfPrjApplication - Starting MyBookShelfPrjApplication using Java 17.0.9 with PID 4488 (C:\myBookShelfPRJ\build\classes\java\main started by donga in C:\myBookShelfPRJ)
2024-04-10 15:10:43 [INFO ] kopo.poly.MyBookShelfPrjApplication - No active profile set, falling back to 1 default profile: "local"
2024-04-10 15:10:43 [INFO ] kopo.poly.MyBookShelfPrjApplication - Started MyBookShelfPrjApplication in 0.6 seconds (process running for 12381.624)
2024-04-10 15:10:44 [INFO ] k.poly.controller.UserInfoController - controller 내 정보 가져오기
2024-04-10 15:10:44 [INFO ] k.poly.service.impl.UserInfoService - service 내 정보 가져오기 실행
2024-04-10 15:10:44 [INFO ] k.poly.service.impl.UserInfoService - Optional[kopo.poly.repository.entity.UserInfoEntity@7453749f]
2024-04-10 15:10:44 [INFO ] k.poly.controller.UserInfoController - UserInfoDTO[userId=null, userName=null, password=null, email=null, nickname=null, existsYn=null, roles=null]
2024-04-10 15:10:48 [INFO ] k.poly.controller.UserInfoController - controller 내 정보 가져오기
2024-04-10 15:10:48 [INFO ] k.poly.service.impl.UserInfoService - service 내 정보 가져오기 실행
2024-04-10 15:10:48 [INFO ] k.poly.service.impl.UserInfoService - Optional[kopo.poly.repository.entity.UserInfoEntity@35c1b01d]
2024-04-10 15:10:48 [INFO ] k.poly.controller.UserInfoController - UserInfoDTO[userId=null, userName=null, password=null, email=null, nickname=null, existsYn=null, roles=null]
2024-04-10 15:11:23 [INFO ] kopo.poly.MyBookShelfPrjApplication - Starting MyBookShelfPrjApplication using Java 17.0.9 with PID 4488 (C:\myBookShelfPRJ\build\classes\java\main started by donga in C:\myBookShelfPRJ)
2024-04-10 15:11:23 [INFO ] kopo.poly.MyBookShelfPrjApplication - No active profile set, falling back to 1 default profile: "local"
2024-04-10 15:11:23 [INFO ] kopo.poly.MyBookShelfPrjApplication - Started MyBookShelfPrjApplication in 0.601 seconds (process running for 12421.322)
2024-04-10 15:11:23 [INFO ] k.poly.controller.UserInfoController - controller 내 정보 가져오기
2024-04-10 15:11:23 [INFO ] k.poly.service.impl.UserInfoService - service 내 정보 가져오기 실행
2024-04-10 15:11:23 [INFO ] k.poly.service.impl.UserInfoService - Optional[kopo.poly.repository.entity.UserInfoEntity@291494e0]
2024-04-10 15:11:23 [INFO ] k.poly.service.impl.UserInfoService - true1
2024-04-10 15:11:23 [INFO ] k.poly.controller.UserInfoController - UserInfoDTO[userId=null, userName=null, password=null, email=null, nickname=null, existsYn=null, roles=null]
2024-04-10 15:11:25 [INFO ] kopo.poly.MyBookShelfPrjApplication - Starting MyBookShelfPrjApplication using Java 17.0.9 with PID 4488 (C:\myBookShelfPRJ\build\classes\java\main started by donga in C:\myBookShelfPRJ)
2024-04-10 15:11:25 [INFO ] kopo.poly.MyBookShelfPrjApplication - No active profile set, falling back to 1 default profile: "local"
2024-04-10 15:11:25 [INFO ] kopo.poly.MyBookShelfPrjApplication - Started MyBookShelfPrjApplication in 0.56 seconds (process running for 12423.432)
2024-04-10 15:12:43 [INFO ] kopo.poly.MyBookShelfPrjApplication - Starting MyBookShelfPrjApplication using Java 17.0.9 with PID 4488 (C:\myBookShelfPRJ\build\classes\java\main started by donga in C:\myBookShelfPRJ)
2024-04-10 15:12:43 [INFO ] kopo.poly.MyBookShelfPrjApplication - No active profile set, falling back to 1 default profile: "local"
2024-04-10 15:12:45 [INFO ] kopo.poly.MyBookShelfPrjApplication - Starting MyBookShelfPrjApplication using Java 17.0.9 with PID 4488 (C:\myBookShelfPRJ\build\classes\java\main started by donga in C:\myBookShelfPRJ)
2024-04-10 15:12:45 [INFO ] kopo.poly.MyBookShelfPrjApplication - No active profile set, falling back to 1 default profile: "local"
2024-04-10 15:12:46 [INFO ] kopo.poly.MyBookShelfPrjApplication - Started MyBookShelfPrjApplication in 0.564 seconds (process running for 12503.762)
2024-04-10 15:12:46 [INFO ] k.poly.controller.UserInfoController - controller 내 정보 가져오기
2024-04-10 15:12:46 [INFO ] k.poly.service.impl.UserInfoService - service 내 정보 가져오기 실행
2024-04-10 15:12:46 [INFO ] k.poly.service.impl.UserInfoService - Optional[kopo.poly.repository.entity.UserInfoEntity@1b99e517]
2024-04-10 15:12:46 [INFO ] k.poly.service.impl.UserInfoService - true1
2024-04-10 15:12:46 [INFO ] k.poly.controller.UserInfoController - UserInfoDTO[userId=1, userName=1, password=8c9827194f2f9a032d2f2cf89a78bb2a3ca94d78fef2dabe86c62fa80fd26257, email=1@1, nickname=null, existsYn=null, roles=null]
2024-04-10 15:13:56 [INFO ] kopo.poly.MyBookShelfPrjApplication - Starting MyBookShelfPrjApplication using Java 17.0.9 with PID 4488 (C:\myBookShelfPRJ\build\classes\java\main started by donga in C:\myBookShelfPRJ)
2024-04-10 15:13:56 [INFO ] kopo.poly.MyBookShelfPrjApplication - No active profile set, falling back to 1 default profile: "local"
2024-04-10 15:13:56 [INFO ] kopo.poly.MyBookShelfPrjApplication - Started MyBookShelfPrjApplication in 0.596 seconds (process running for 12574.327)
2024-04-10 15:13:58 [INFO ] kopo.poly.MyBookShelfPrjApplication - Starting MyBookShelfPrjApplication using Java 17.0.9 with PID 4488 (C:\myBookShelfPRJ\build\classes\java\main started by donga in C:\myBookShelfPRJ)
2024-04-10 15:13:58 [INFO ] kopo.poly.MyBookShelfPrjApplication - No active profile set, falling back to 1 default profile: "local"
2024-04-10 15:13:58 [INFO ] kopo.poly.MyBookShelfPrjApplication - Started MyBookShelfPrjApplication in 0.562 seconds (process running for 12576.504)
2024-04-10 15:15:28 [INFO ] kopo.poly.MyBookShelfPrjApplication - Starting MyBookShelfPrjApplication using Java 17.0.9 with PID 4488 (C:\myBookShelfPRJ\build\classes\java\main started by donga in C:\myBookShelfPRJ)
2024-04-10 15:15:28 [INFO ] kopo.poly.MyBookShelfPrjApplication - No active profile set, falling back to 1 default profile: "local"
2024-04-10 15:15:29 [INFO ] kopo.poly.MyBookShelfPrjApplication - Started MyBookShelfPrjApplication in 0.582 seconds (process running for 12666.894)
2024-04-10 15:15:32 [INFO ] k.poly.controller.UserInfoController - controller 내 정보 가져오기
2024-04-10 15:15:32 [INFO ] k.poly.service.impl.UserInfoService - service 내 정보 가져오기 실행
2024-04-10 15:15:32 [INFO ] k.poly.controller.UserInfoController - UserInfoDTO[userId=1, userName=1, password=8c9827194f2f9a032d2f2cf89a78bb2a3ca94d78fef2dabe86c62fa80fd26257, email=1@1, nickname=null, existsYn=null, roles=null]
2024-04-10 15:15:33 [INFO ] k.poly.controller.UserInfoController - controller 내 정보 가져오기
2024-04-10 15:15:33 [INFO ] k.poly.service.impl.UserInfoService - service 내 정보 가져오기 실행
2024-04-10 15:15:33 [INFO ] k.poly.controller.UserInfoController - UserInfoDTO[userId=1, userName=1, password=8c9827194f2f9a032d2f2cf89a78bb2a3ca94d78fef2dabe86c62fa80fd26257, email=1@1, nickname=null, existsYn=null, roles=null]
2024-04-10 15:15:37 [INFO ] k.poly.controller.UserInfoController - controller 내 정보 가져오기
2024-04-10 15:15:37 [INFO ] k.poly.service.impl.UserInfoService - service 내 정보 가져오기 실행
2024-04-10 15:15:37 [INFO ] k.poly.controller.UserInfoController - UserInfoDTO[userId=1, userName=1, password=8c9827194f2f9a032d2f2cf89a78bb2a3ca94d78fef2dabe86c62fa80fd26257, email=1@1, nickname=null, existsYn=null, roles=null]
2024-04-10 15:17:02 [INFO ] kopo.poly.MyBookShelfPrjApplication - Starting MyBookShelfPrjApplication using Java 17.0.9 with PID 4488 (C:\myBookShelfPRJ\build\classes\java\main started by donga in C:\myBookShelfPRJ)
2024-04-10 15:17:02 [INFO ] kopo.poly.MyBookShelfPrjApplication - No active profile set, falling back to 1 default profile: "local"
2024-04-10 15:17:04 [INFO ] kopo.poly.MyBookShelfPrjApplication - Starting MyBookShelfPrjApplication using Java 17.0.9 with PID 4488 (C:\myBookShelfPRJ\build\classes\java\main started by donga in C:\myBookShelfPRJ)
2024-04-10 15:17:04 [INFO ] kopo.poly.MyBookShelfPrjApplication - No active profile set, falling back to 1 default profile: "local"
2024-04-10 15:17:04 [INFO ] kopo.poly.MyBookShelfPrjApplication - Started MyBookShelfPrjApplication in 0.62 seconds (process running for 12762.356)
2024-04-10 15:17:05 [INFO ] k.poly.controller.UserInfoController - controller 내 정보 가져오기
2024-04-10 15:17:05 [INFO ] k.poly.service.impl.UserInfoService - service 내 정보 가져오기 실행
2024-04-10 15:17:05 [INFO ] k.poly.controller.UserInfoController - UserInfoDTO[userId=1, userName=1, password=8c9827194f2f9a032d2f2cf89a78bb2a3ca94d78fef2dabe86c62fa80fd26257, email=1@1, nickname=null, existsYn=null, roles=null]
2024-04-10 15:17:08 [INFO ] k.poly.controller.UserInfoController - controller 내 정보 가져오기
2024-04-10 15:17:08 [INFO ] k.poly.service.impl.UserInfoService - service 내 정보 가져오기 실행
2024-04-10 15:17:08 [INFO ] k.poly.controller.UserInfoController - UserInfoDTO[userId=1, userName=1, password=8c9827194f2f9a032d2f2cf89a78bb2a3ca94d78fef2dabe86c62fa80fd26257, email=1@1, nickname=null, existsYn=null, roles=null]
2024-04-10 15:17:09 [INFO ] k.poly.controller.UserInfoController - controller 내 정보 가져오기
2024-04-10 15:17:09 [INFO ] k.poly.service.impl.UserInfoService - service 내 정보 가져오기 실행
2024-04-10 15:17:09 [INFO ] k.poly.controller.UserInfoController - UserInfoDTO[userId=1, userName=1, password=8c9827194f2f9a032d2f2cf89a78bb2a3ca94d78fef2dabe86c62fa80fd26257, email=1@1, nickname=null, existsYn=null, roles=null]
2024-04-10 15:17:30 [INFO ] kopo.poly.MyBookShelfPrjApplication - Starting MyBookShelfPrjApplication using Java 17.0.9 with PID 4488 (C:\myBookShelfPRJ\build\classes\java\main started by donga in C:\myBookShelfPRJ)
2024-04-10 15:17:30 [INFO ] kopo.poly.MyBookShelfPrjApplication - No active profile set, falling back to 1 default profile: "local"
2024-04-10 15:17:32 [INFO ] kopo.poly.MyBookShelfPrjApplication - Starting MyBookShelfPrjApplication using Java 17.0.9 with PID 4488 (C:\myBookShelfPRJ\build\classes\java\main started by donga in C:\myBookShelfPRJ)
2024-04-10 15:17:32 [INFO ] kopo.poly.MyBookShelfPrjApplication - No active profile set, falling back to 1 default profile: "local"
2024-04-10 15:17:33 [INFO ] kopo.poly.MyBookShelfPrjApplication - Started MyBookShelfPrjApplication in 0.6 seconds (process running for 12790.995)
2024-04-10 15:17:48 [INFO ] k.poly.controller.UserInfoController - controller 내 정보 가져오기
2024-04-10 15:17:48 [INFO ] k.poly.service.impl.UserInfoService - service 내 정보 가져오기 실행
2024-04-10 15:17:48 [INFO ] k.poly.controller.UserInfoController - UserInfoDTO[userId=1, userName=1, password=8c9827194f2f9a032d2f2cf89a78bb2a3ca94d78fef2dabe86c62fa80fd26257, email=1@1, nickname=null, existsYn=null, roles=null]
2024-04-10 15:17:48 [INFO ] kopo.poly.MyBookShelfPrjApplication - Starting MyBookShelfPrjApplication using Java 17.0.9 with PID 4488 (C:\myBookShelfPRJ\build\classes\java\main started by donga in C:\myBookShelfPRJ)
2024-04-10 15:17:48 [INFO ] kopo.poly.MyBookShelfPrjApplication - No active profile set, falling back to 1 default profile: "local"
2024-04-10 15:17:50 [INFO ] kopo.poly.MyBookShelfPrjApplication - Starting MyBookShelfPrjApplication using Java 17.0.9 with PID 4488 (C:\myBookShelfPRJ\build\classes\java\main started by donga in C:\myBookShelfPRJ)
2024-04-10 15:17:50 [INFO ] kopo.poly.MyBookShelfPrjApplication - No active profile set, falling back to 1 default profile: "local"
2024-04-10 15:17:51 [INFO ] kopo.poly.MyBookShelfPrjApplication - Started MyBookShelfPrjApplication in 0.63 seconds (process running for 12809.017)
2024-04-10 15:17:51 [INFO ] k.poly.controller.UserInfoController - controller 내 정보 가져오기
2024-04-10 15:17:51 [INFO ] k.poly.service.impl.UserInfoService - service 내 정보 가져오기 실행
2024-04-10 15:17:51 [INFO ] k.poly.controller.UserInfoController - UserInfoDTO[userId=1, userName=1, password=8c9827194f2f9a032d2f2cf89a78bb2a3ca94d78fef2dabe86c62fa80fd26257, email=1@1, nickname=1, existsYn=null, roles=null]
2024-04-10 15:18:15 [INFO ] k.poly.controller.UserInfoController - controller 내 정보 가져오기
2024-04-10 15:18:15 [INFO ] k.poly.service.impl.UserInfoService - service 내 정보 가져오기 실행
2024-04-10 15:18:15 [INFO ] k.poly.controller.UserInfoController - UserInfoDTO[userId=1, userName=1, password=8c9827194f2f9a032d2f2cf89a78bb2a3ca94d78fef2dabe86c62fa80fd26257, email=1@1, nickname=1, existsYn=null, roles=null]
2024-04-10 15:18:16 [INFO ] kopo.poly.MyBookShelfPrjApplication - Starting MyBookShelfPrjApplication using Java 17.0.9 with PID 4488 (C:\myBookShelfPRJ\build\classes\java\main started by donga in C:\myBookShelfPRJ)
2024-04-10 15:18:16 [INFO ] kopo.poly.MyBookShelfPrjApplication - No active profile set, falling back to 1 default profile: "local"
2024-04-10 15:18:16 [INFO ] kopo.poly.MyBookShelfPrjApplication - Started MyBookShelfPrjApplication in 0.61 seconds (process running for 12834.414)
2024-04-10 15:29:17 [INFO ] kopo.poly.MyBookShelfPrjApplication - Starting MyBookShelfPrjApplication using Java 17.0.9 with PID 4488 (C:\myBookShelfPRJ\build\classes\java\main started by donga in C:\myBookShelfPRJ)
2024-04-10 15:29:17 [INFO ] kopo.poly.MyBookShelfPrjApplication - No active profile set, falling back to 1 default profile: "local"
2024-04-10 15:29:17 [INFO ] kopo.poly.MyBookShelfPrjApplication - Started MyBookShelfPrjApplication in 0.667 seconds (process running for 13495.445)
2024-04-10 15:29:17 [INFO ] k.poly.controller.UserInfoController - controller 내 정보 가져오기
2024-04-10 15:29:17 [INFO ] k.poly.service.impl.UserInfoService - service 내 정보 가져오기 실행
2024-04-10 15:29:17 [INFO ] k.poly.controller.UserInfoController - UserInfoDTO[userId=1, userName=1, password=8c9827194f2f9a032d2f2cf89a78bb2a3ca94d78fef2dabe86c62fa80fd26257, email=1@1, nickname=1, existsYn=null, roles=null]
2024-04-10 15:29:20 [INFO ] k.poly.controller.UserInfoController - controller 내 정보 가져오기
2024-04-10 15:29:20 [INFO ] k.poly.service.impl.UserInfoService - service 내 정보 가져오기 실행
2024-04-10 15:29:20 [INFO ] k.poly.controller.UserInfoController - UserInfoDTO[userId=1, userName=1, password=8c9827194f2f9a032d2f2cf89a78bb2a3ca94d78fef2dabe86c62fa80fd26257, email=1@1, nickname=1, existsYn=null, roles=null]
2024-04-10 15:30:52 [INFO ] k.poly.controller.UserInfoController - controller 내 정보 가져오기
2024-04-10 15:30:52 [INFO ] k.poly.service.impl.UserInfoService - service 내 정보 가져오기 실행
2024-04-10 15:30:52 [INFO ] k.poly.controller.UserInfoController - UserInfoDTO[userId=1, userName=1, password=8c9827194f2f9a032d2f2cf89a78bb2a3ca94d78fef2dabe86c62fa80fd26257, email=1@1, nickname=1, existsYn=null, roles=null]
2024-04-10 15:30:53 [INFO ] kopo.poly.MyBookShelfPrjApplication - Starting MyBookShelfPrjApplication using Java 17.0.9 with PID 4488 (C:\myBookShelfPRJ\build\classes\java\main started by donga in C:\myBookShelfPRJ)
2024-04-10 15:30:53 [INFO ] kopo.poly.MyBookShelfPrjApplication - No active profile set, falling back to 1 default profile: "local"
2024-04-10 15:30:54 [INFO ] kopo.poly.MyBookShelfPrjApplication - Started MyBookShelfPrjApplication in 0.561 seconds (process running for 13591.999)
2024-04-10 15:36:59 [INFO ] kopo.poly.MyBookShelfPrjApplication - Starting MyBookShelfPrjApplication using Java 17.0.9 with PID 4488 (C:\myBookShelfPRJ\build\classes\java\main started by donga in C:\myBookShelfPRJ)
2024-04-10 15:36:59 [INFO ] kopo.poly.MyBookShelfPrjApplication - No active profile set, falling back to 1 default profile: "local"
2024-04-10 15:36:59 [INFO ] kopo.poly.MyBookShelfPrjApplication - Started MyBookShelfPrjApplication in 0.636 seconds (process running for 13957.408)
2024-04-10 15:37:32 [INFO ] k.poly.controller.UserInfoController - controller 내 정보 가져오기
2024-04-10 15:37:32 [INFO ] k.poly.service.impl.UserInfoService - service 내 정보 가져오기 실행
2024-04-10 15:37:32 [INFO ] k.poly.controller.UserInfoController - UserInfoDTO[userId=1, userName=1, password=8c9827194f2f9a032d2f2cf89a78bb2a3ca94d78fef2dabe86c62fa80fd26257, email=1@1, nickname=1, existsYn=null, roles=null]
2024-04-10 15:39:08 [INFO ] k.poly.controller.UserInfoController - controller 내 정보 가져오기
2024-04-10 15:39:08 [INFO ] k.poly.service.impl.UserInfoService - service 내 정보 가져오기 실행
2024-04-10 15:39:08 [INFO ] k.poly.controller.UserInfoController - UserInfoDTO[userId=1, userName=1, password=8c9827194f2f9a032d2f2cf89a78bb2a3ca94d78fef2dabe86c62fa80fd26257, email=1@1, nickname=1, existsYn=null, roles=null]
2024-04-10 15:39:09 [INFO ] kopo.poly.MyBookShelfPrjApplication - Starting MyBookShelfPrjApplication using Java 17.0.9 with PID 4488 (C:\myBookShelfPRJ\build\classes\java\main started by donga in C:\myBookShelfPRJ)
2024-04-10 15:39:09 [INFO ] kopo.poly.MyBookShelfPrjApplication - No active profile set, falling back to 1 default profile: "local"
2024-04-10 15:39:09 [INFO ] kopo.poly.MyBookShelfPrjApplication - Started MyBookShelfPrjApplication in 0.592 seconds (process running for 14087.676)
2024-04-10 15:53:51 [INFO ] kopo.poly.MyBookShelfPrjApplication - Starting MyBookShelfPrjApplication using Java 17.0.9 with PID 4488 (C:\myBookShelfPRJ\build\classes\java\main started by donga in C:\myBookShelfPRJ)
2024-04-10 15:53:51 [INFO ] kopo.poly.MyBookShelfPrjApplication - No active profile set, falling back to 1 default profile: "local"
2024-04-10 15:53:52 [INFO ] kopo.poly.MyBookShelfPrjApplication - Started MyBookShelfPrjApplication in 0.673 seconds (process running for 14970.329)
2024-04-10 15:53:54 [INFO ] kopo.poly.MyBookShelfPrjApplication - Starting MyBookShelfPrjApplication using Java 17.0.9 with PID 4488 (C:\myBookShelfPRJ\build\classes\java\main started by donga in C:\myBookShelfPRJ)
2024-04-10 15:53:54 [INFO ] kopo.poly.MyBookShelfPrjApplication - No active profile set, falling back to 1 default profile: "local"
2024-04-10 15:53:54 [INFO ] kopo.poly.MyBookShelfPrjApplication - Started MyBookShelfPrjApplication in 0.583 seconds (process running for 14972.461)
2024-04-10 16:00:49 [INFO ] kopo.poly.MyBookShelfPrjApplication - Starting MyBookShelfPrjApplication using Java 17.0.9 with PID 4488 (C:\myBookShelfPRJ\build\classes\java\main started by donga in C:\myBookShelfPRJ)
2024-04-10 16:00:49 [INFO ] kopo.poly.MyBookShelfPrjApplication - No active profile set, falling back to 1 default profile: "local"
2024-04-10 16:00:49 [INFO ] kopo.poly.MyBookShelfPrjApplication - Started MyBookShelfPrjApplication in 0.675 seconds (process running for 15387.642)
2024-04-10 16:00:51 [INFO ] kopo.poly.MyBookShelfPrjApplication - Starting MyBookShelfPrjApplication using Java 17.0.9 with PID 4488 (C:\myBookShelfPRJ\build\classes\java\main started by donga in C:\myBookShelfPRJ)
2024-04-10 16:00:51 [INFO ] kopo.poly.MyBookShelfPrjApplication - No active profile set, falling back to 1 default profile: "local"
2024-04-10 16:00:52 [INFO ] kopo.poly.MyBookShelfPrjApplication - Started MyBookShelfPrjApplication in 0.593 seconds (process running for 15389.806)
2024-04-10 16:50:23 [INFO ] kopo.poly.MyBookShelfPrjApplication - Starting MyBookShelfPrjApplication using Java 17.0.9 with PID 4488 (C:\myBookShelfPRJ\build\classes\java\main started by donga in C:\myBookShelfPRJ)
2024-04-10 16:50:23 [INFO ] kopo.poly.MyBookShelfPrjApplication - No active profile set, falling back to 1 default profile: "local"
2024-04-10 16:50:24 [INFO ] kopo.poly.MyBookShelfPrjApplication - Started MyBookShelfPrjApplication in 0.736 seconds (process running for 18361.73)
2024-04-10 16:50:25 [INFO ] kopo.poly.MyBookShelfPrjApplication - Starting MyBookShelfPrjApplication using Java 17.0.9 with PID 4488 (C:\myBookShelfPRJ\build\classes\java\main started by donga in C:\myBookShelfPRJ)
2024-04-10 16:50:25 [INFO ] kopo.poly.MyBookShelfPrjApplication - No active profile set, falling back to 1 default profile: "local"
2024-04-10 16:50:26 [INFO ] kopo.poly.MyBookShelfPrjApplication - Started MyBookShelfPrjApplication in 0.593 seconds (process running for 18363.875)
2024-04-10 16:56:48 [INFO ] kopo.poly.MyBookShelfPrjApplication - Starting MyBookShelfPrjApplication using Java 17.0.9 with PID 4488 (C:\myBookShelfPRJ\build\classes\java\main started by donga in C:\myBookShelfPRJ)
2024-04-10 16:56:48 [INFO ] kopo.poly.MyBookShelfPrjApplication - No active profile set, falling back to 1 default profile: "local"
2024-04-10 16:56:49 [INFO ] kopo.poly.MyBookShelfPrjApplication - Started MyBookShelfPrjApplication in 0.702 seconds (process running for 18746.902)
2024-04-10 16:56:50 [INFO ] kopo.poly.MyBookShelfPrjApplication - Starting MyBookShelfPrjApplication using Java 17.0.9 with PID 4488 (C:\myBookShelfPRJ\build\classes\java\main started by donga in C:\myBookShelfPRJ)
2024-04-10 16:56:50 [INFO ] kopo.poly.MyBookShelfPrjApplication - No active profile set, falling back to 1 default profile: "local"
2024-04-10 16:56:51 [INFO ] kopo.poly.MyBookShelfPrjApplication - Started MyBookShelfPrjApplication in 0.591 seconds (process running for 18749.064)
2024-04-10 16:58:07 [INFO ] kopo.poly.MyBookShelfPrjApplication - Starting MyBookShelfPrjApplication using Java 17.0.9 with PID 4488 (C:\myBookShelfPRJ\build\classes\java\main started by donga in C:\myBookShelfPRJ)
2024-04-10 16:58:07 [INFO ] kopo.poly.MyBookShelfPrjApplication - No active profile set, falling back to 1 default profile: "local"
2024-04-10 16:58:07 [INFO ] kopo.poly.MyBookShelfPrjApplication - Started MyBookShelfPrjApplication in 0.579 seconds (process running for 18825.455)
2024-04-10 16:58:09 [INFO ] k.poly.controller.UserInfoController - controller 내 정보 가져오기
2024-04-10 16:58:09 [INFO ] k.poly.service.impl.UserInfoService - service 내 정보 가져오기 실행
2024-04-10 16:58:09 [INFO ] k.poly.controller.UserInfoController - UserInfoDTO[userId=1, userName=1, password=8c9827194f2f9a032d2f2cf89a78bb2a3ca94d78fef2dabe86c62fa80fd26257, email=1@1, nickname=1, existsYn=null, roles=null]
2024-04-10 16:58:09 [INFO ] k.poly.controller.UserInfoController - controller 내 정보 가져오기
2024-04-10 16:58:09 [INFO ] k.poly.service.impl.UserInfoService - service 내 정보 가져오기 실행
2024-04-10 16:58:09 [INFO ] k.poly.controller.UserInfoController - UserInfoDTO[userId=1, userName=1, password=8c9827194f2f9a032d2f2cf89a78bb2a3ca94d78fef2dabe86c62fa80fd26257, email=1@1, nickname=1, existsYn=null, roles=null]
2024-04-10 16:58:11 [INFO ] k.poly.controller.UserInfoController - controller 내 정보 가져오기
2024-04-10 16:58:11 [INFO ] k.poly.service.impl.UserInfoService - service 내 정보 가져오기 실행
2024-04-10 16:58:11 [INFO ] k.poly.controller.UserInfoController - UserInfoDTO[userId=1, userName=1, password=8c9827194f2f9a032d2f2cf89a78bb2a3ca94d78fef2dabe86c62fa80fd26257, email=1@1, nickname=1, existsYn=null, roles=null]
2024-04-10 16:58:14 [INFO ] k.poly.controller.UserInfoController - controller 내 정보 가져오기
2024-04-10 16:58:14 [INFO ] k.poly.service.impl.UserInfoService - service 내 정보 가져오기 실행
2024-04-10 16:58:14 [INFO ] k.poly.controller.UserInfoController - UserInfoDTO[userId=1, userName=1, password=8c9827194f2f9a032d2f2cf89a78bb2a3ca94d78fef2dabe86c62fa80fd26257, email=1@1, nickname=1, existsYn=null, roles=null]
2024-04-10 16:58:18 [INFO ] k.poly.controller.UserInfoController - controller 내 정보 업데이트
2024-04-10 16:58:18 [INFO ] k.poly.controller.UserInfoController - userId : 
2024-04-10 16:58:18 [INFO ] k.poly.controller.UserInfoController - email : 
2024-04-10 16:58:18 [INFO ] k.poly.controller.UserInfoController - nickname : 2
2024-04-10 16:58:18 [INFO ] k.poly.controller.UserInfoController - userName : 
2024-04-10 16:58:18 [INFO ] k.poly.service.impl.UserInfoService - service 내 정보 업데이트
2024-04-10 16:58:18 [INFO ] k.poly.controller.UserInfoController - java.util.NoSuchElementException: No value present
2024-04-10 17:34:03 [INFO ] k.poly.controller.UserInfoController - controller 내 정보 업데이트
2024-04-10 17:34:03 [INFO ] k.poly.controller.UserInfoController - userId : 
2024-04-10 17:34:03 [INFO ] k.poly.controller.UserInfoController - email : 
2024-04-10 17:34:03 [INFO ] k.poly.controller.UserInfoController - nickname : 2
2024-04-10 17:34:03 [INFO ] k.poly.controller.UserInfoController - userName : 
2024-04-10 17:34:03 [INFO ] k.poly.service.impl.UserInfoService - service 내 정보 업데이트
2024-04-10 17:34:03 [INFO ] k.poly.controller.UserInfoController - java.util.NoSuchElementException: No value present
2024-04-10 17:34:10 [INFO ] k.poly.controller.UserInfoController - controller 내 정보 가져오기
2024-04-10 17:34:10 [INFO ] k.poly.service.impl.UserInfoService - service 내 정보 가져오기 실행
2024-04-10 17:34:10 [INFO ] k.poly.controller.UserInfoController - UserInfoDTO[userId=1, userName=1, password=8c9827194f2f9a032d2f2cf89a78bb2a3ca94d78fef2dabe86c62fa80fd26257, email=1@1, nickname=1, existsYn=null, roles=null]
2024-04-10 17:34:21 [INFO ] k.poly.controller.UserInfoController - controller 내 정보 가져오기
2024-04-10 17:34:21 [INFO ] k.poly.service.impl.UserInfoService - service 내 정보 가져오기 실행
2024-04-10 17:34:21 [INFO ] k.poly.controller.UserInfoController - UserInfoDTO[userId=1, userName=1, password=8c9827194f2f9a032d2f2cf89a78bb2a3ca94d78fef2dabe86c62fa80fd26257, email=1@1, nickname=1, existsYn=null, roles=null]
2024-04-10 17:34:23 [INFO ] k.poly.controller.UserInfoController - controller 내 정보 가져오기
2024-04-10 17:34:23 [INFO ] k.poly.service.impl.UserInfoService - service 내 정보 가져오기 실행
2024-04-10 17:34:23 [INFO ] k.poly.controller.UserInfoController - UserInfoDTO[userId=1, userName=1, password=8c9827194f2f9a032d2f2cf89a78bb2a3ca94d78fef2dabe86c62fa80fd26257, email=1@1, nickname=1, existsYn=null, roles=null]
2024-04-10 17:34:24 [INFO ] k.poly.controller.UserInfoController - controller 내 정보 가져오기
2024-04-10 17:34:24 [INFO ] k.poly.service.impl.UserInfoService - service 내 정보 가져오기 실행
2024-04-10 17:34:24 [INFO ] k.poly.controller.UserInfoController - UserInfoDTO[userId=1, userName=1, password=8c9827194f2f9a032d2f2cf89a78bb2a3ca94d78fef2dabe86c62fa80fd26257, email=1@1, nickname=1, existsYn=null, roles=null]
2024-04-10 17:34:26 [INFO ] k.poly.controller.UserInfoController - controller 내 정보 업데이트
2024-04-10 17:34:26 [INFO ] k.poly.controller.UserInfoController - userId : 
2024-04-10 17:34:26 [INFO ] k.poly.controller.UserInfoController - email : 
2024-04-10 17:34:26 [INFO ] k.poly.controller.UserInfoController - nickname : 1
2024-04-10 17:34:26 [INFO ] k.poly.controller.UserInfoController - userName : 
2024-04-10 17:34:26 [INFO ] k.poly.service.impl.UserInfoService - service 내 정보 업데이트
2024-04-10 17:34:26 [INFO ] k.poly.controller.UserInfoController - java.util.NoSuchElementException: No value present
2024-04-11 15:46:20 [INFO ] kopo.poly.MyBookShelfPrjApplication - Starting MyBookShelfPrjApplication using Java 17.0.9 with PID 24108 (C:\JavaPRJ\myBookShelfPRJ\build\classes\java\main started by data8316-19 in C:\JavaPRJ\myBookShelfPRJ)
2024-04-11 15:46:20 [INFO ] kopo.poly.MyBookShelfPrjApplication - No active profile set, falling back to 1 default profile: "local"
2024-04-11 15:46:25 [INFO ] kopo.poly.MyBookShelfPrjApplication - Started MyBookShelfPrjApplication in 5.783 seconds (process running for 7.165)
2024-04-11 15:46:36 [INFO ] k.poly.controller.UserInfoController - controller 내 정보 가져오기
2024-04-11 15:46:36 [INFO ] k.poly.service.impl.UserInfoService - service 내 정보 가져오기 실행
2024-04-11 15:46:36 [INFO ] k.poly.controller.UserInfoController - UserInfoDTO[userId=1, userName=, password=629bb449e3e9c46949254adb14bdc9dbee91790bf54185ae839d9f4733249481, email=1@1, nickname=1, existsYn=null, roles=null]
2024-04-11 15:47:16 [INFO ] kopo.poly.MyBookShelfPrjApplication - Starting MyBookShelfPrjApplication using Java 17.0.9 with PID 16800 (C:\JavaPRJ\myBookShelfPRJ\build\classes\java\main started by data8316-19 in C:\JavaPRJ\myBookShelfPRJ)
2024-04-11 15:47:16 [INFO ] kopo.poly.MyBookShelfPrjApplication - No active profile set, falling back to 1 default profile: "local"
2024-04-11 15:47:21 [INFO ] kopo.poly.MyBookShelfPrjApplication - Started MyBookShelfPrjApplication in 5.147 seconds (process running for 6.091)
2024-04-11 15:49:02 [INFO ] k.poly.controller.UserInfoController - controller 아이디 중복체크 실행
2024-04-11 15:49:02 [INFO ] k.poly.controller.UserInfoController - userId : 1
2024-04-11 15:49:02 [INFO ] k.poly.service.impl.UserInfoService - service 아이디 중복 실행
2024-04-11 15:49:02 [INFO ] k.poly.service.impl.UserInfoService - userId : 1
2024-04-11 15:49:02 [INFO ] k.poly.service.impl.UserInfoService - service 아이디 중복확인 종료
2024-04-11 15:49:02 [INFO ] k.poly.controller.UserInfoController - existsYn : Y
2024-04-11 15:49:02 [INFO ] k.poly.controller.UserInfoController - controller 아이디 중복체크 완료
2024-04-11 15:49:08 [INFO ] k.poly.controller.UserInfoController - controller 이메일 중복체크 실행
2024-04-11 15:49:08 [INFO ] k.poly.controller.UserInfoController - email : 1@1
2024-04-11 15:49:08 [INFO ] k.poly.service.impl.UserInfoService - service 이메일 중복 실행
2024-04-11 15:49:08 [INFO ] k.poly.service.impl.UserInfoService - email : 1@1
2024-04-11 15:49:08 [INFO ] k.poly.service.impl.UserInfoService - service 이메일 중복확인 종료
2024-04-11 15:49:08 [INFO ] k.poly.controller.UserInfoController - existsYn : Y
2024-04-11 15:49:08 [INFO ] k.poly.controller.UserInfoController - controller 이메일 중복체크 완료
2024-04-11 15:49:08 [INFO ] k.poly.controller.UserInfoController - 인증번호 생성 시작
2024-04-11 15:49:08 [INFO ] k.poly.controller.UserInfoController - authNumber : 1541885
2024-04-11 15:49:08 [INFO ] kopo.poly.service.impl.MailService - service 메일 발송 실행
2024-04-11 15:49:08 [INFO ] kopo.poly.service.impl.MailService - toMail : 1@1
2024-04-11 15:49:08 [INFO ] kopo.poly.service.impl.MailService - title : 이메일 인증번호 발송 메일
2024-04-11 15:49:08 [INFO ] kopo.poly.service.impl.MailService - contents : 인증번호는 1541885입니다.
2024-04-11 15:49:09 [INFO ] kopo.poly.service.impl.MailService - service 메일 발송 종료
2024-04-11 15:49:09 [INFO ] k.poly.controller.UserInfoController - 메일 발송
2024-04-11 15:49:22 [INFO ] k.poly.controller.UserInfoController - controller 아이디 중복체크 실행
2024-04-11 15:49:22 [INFO ] k.poly.controller.UserInfoController - userId : 1
2024-04-11 15:49:22 [INFO ] k.poly.service.impl.UserInfoService - service 아이디 중복 실행
2024-04-11 15:49:22 [INFO ] k.poly.service.impl.UserInfoService - userId : 1
2024-04-11 15:49:22 [INFO ] k.poly.service.impl.UserInfoService - service 아이디 중복확인 종료
2024-04-11 15:49:22 [INFO ] k.poly.controller.UserInfoController - existsYn : Y
2024-04-11 15:49:22 [INFO ] k.poly.controller.UserInfoController - controller 아이디 중복체크 완료
2024-04-11 15:49:25 [INFO ] k.poly.controller.UserInfoController - controller 이메일 중복체크 실행
2024-04-11 15:49:25 [INFO ] k.poly.controller.UserInfoController - email : 1@1
2024-04-11 15:49:25 [INFO ] k.poly.service.impl.UserInfoService - service 이메일 중복 실행
2024-04-11 15:49:25 [INFO ] k.poly.service.impl.UserInfoService - email : 1@1
2024-04-11 15:49:25 [INFO ] k.poly.service.impl.UserInfoService - service 이메일 중복확인 종료
2024-04-11 15:49:25 [INFO ] k.poly.controller.UserInfoController - existsYn : Y
2024-04-11 15:49:25 [INFO ] k.poly.controller.UserInfoController - controller 이메일 중복체크 완료
2024-04-11 15:49:25 [INFO ] k.poly.controller.UserInfoController - 인증번호 생성 시작
2024-04-11 15:49:25 [INFO ] k.poly.controller.UserInfoController - authNumber : 1735342
2024-04-11 15:49:25 [INFO ] kopo.poly.service.impl.MailService - service 메일 발송 실행
2024-04-11 15:49:25 [INFO ] kopo.poly.service.impl.MailService - toMail : 1@1
2024-04-11 15:49:25 [INFO ] kopo.poly.service.impl.MailService - title : 이메일 인증번호 발송 메일
2024-04-11 15:49:25 [INFO ] kopo.poly.service.impl.MailService - contents : 인증번호는 1735342입니다.
2024-04-11 15:49:26 [INFO ] kopo.poly.service.impl.MailService - service 메일 발송 종료
2024-04-11 15:49:26 [INFO ] k.poly.controller.UserInfoController - 메일 발송
2024-04-11 15:49:33 [INFO ] k.poly.controller.UserInfoController - controller 회원가입 실행
2024-04-11 15:49:33 [INFO ] k.poly.controller.UserInfoController - userId : 1
2024-04-11 15:49:33 [INFO ] k.poly.controller.UserInfoController - password : 629bb449e3e9c46949254adb14bdc9dbee91790bf54185ae839d9f4733249481
2024-04-11 15:49:33 [INFO ] k.poly.controller.UserInfoController - email : 1@1
2024-04-11 15:49:33 [INFO ] k.poly.controller.UserInfoController - nickname : 1
2024-04-11 15:49:33 [INFO ] k.poly.controller.UserInfoController - userName : 1
2024-04-11 15:49:33 [INFO ] k.poly.service.impl.UserInfoService - service 회원가입 실행
2024-04-11 15:49:33 [INFO ] k.poly.service.impl.UserInfoService - service 회원가입 종료
2024-04-11 15:49:33 [INFO ] k.poly.controller.UserInfoController - res : 1
2024-04-11 15:49:36 [INFO ] k.poly.controller.UserInfoController - controller 내 정보 가져오기
2024-04-11 15:49:36 [INFO ] k.poly.service.impl.UserInfoService - service 내 정보 가져오기 실행
2024-04-11 15:49:36 [INFO ] k.poly.controller.UserInfoController - UserInfoDTO[userId=1, userName=1, password=629bb449e3e9c46949254adb14bdc9dbee91790bf54185ae839d9f4733249481, email=1@1, nickname=1, existsYn=null, roles=null]
2024-04-11 15:49:37 [INFO ] k.poly.controller.UserInfoController - controller 내 정보 가져오기
2024-04-11 15:49:37 [INFO ] k.poly.service.impl.UserInfoService - service 내 정보 가져오기 실행
2024-04-11 15:49:37 [INFO ] k.poly.controller.UserInfoController - UserInfoDTO[userId=1, userName=1, password=629bb449e3e9c46949254adb14bdc9dbee91790bf54185ae839d9f4733249481, email=1@1, nickname=1, existsYn=null, roles=null]
2024-04-11 15:49:41 [INFO ] k.poly.controller.UserInfoController - controller 내 정보 업데이트
2024-04-11 15:49:41 [INFO ] k.poly.controller.UserInfoController - userId : 
2024-04-11 15:49:41 [INFO ] k.poly.controller.UserInfoController - email : 
2024-04-11 15:49:41 [INFO ] k.poly.controller.UserInfoController - nickname : 12
2024-04-11 15:49:41 [INFO ] k.poly.controller.UserInfoController - userName : 
2024-04-11 15:49:41 [INFO ] k.poly.service.impl.UserInfoService - service 내 정보 업데이트
2024-04-11 15:49:41 [INFO ] k.poly.controller.UserInfoController - java.util.NoSuchElementException: No value present
2024-04-11 15:57:34 [INFO ] kopo.poly.MyBookShelfPrjApplication - Starting MyBookShelfPrjApplication using Java 17.0.9 with PID 16800 (C:\JavaPRJ\myBookShelfPRJ\build\classes\java\main started by data8316-19 in C:\JavaPRJ\myBookShelfPRJ)
2024-04-11 15:57:34 [INFO ] kopo.poly.MyBookShelfPrjApplication - No active profile set, falling back to 1 default profile: "local"
2024-04-11 15:57:35 [INFO ] kopo.poly.MyBookShelfPrjApplication - Started MyBookShelfPrjApplication in 0.753 seconds (process running for 620.124)
2024-04-11 15:57:37 [INFO ] kopo.poly.MyBookShelfPrjApplication - Starting MyBookShelfPrjApplication using Java 17.0.9 with PID 16800 (C:\JavaPRJ\myBookShelfPRJ\build\classes\java\main started by data8316-19 in C:\JavaPRJ\myBookShelfPRJ)
2024-04-11 15:57:37 [INFO ] kopo.poly.MyBookShelfPrjApplication - No active profile set, falling back to 1 default profile: "local"
2024-04-11 16:05:02 [INFO ] kopo.poly.MyBookShelfPrjApplication - Starting MyBookShelfPrjApplication using Java 17.0.9 with PID 16800 (C:\JavaPRJ\myBookShelfPRJ\build\classes\java\main started by data8316-19 in C:\JavaPRJ\myBookShelfPRJ)
2024-04-11 16:05:02 [INFO ] kopo.poly.MyBookShelfPrjApplication - No active profile set, falling back to 1 default profile: "local"
2024-04-11 16:05:02 [INFO ] kopo.poly.MyBookShelfPrjApplication - Started MyBookShelfPrjApplication in 0.731 seconds (process running for 1067.478)
2024-04-11 16:05:04 [INFO ] kopo.poly.MyBookShelfPrjApplication - Starting MyBookShelfPrjApplication using Java 17.0.9 with PID 16800 (C:\JavaPRJ\myBookShelfPRJ\build\classes\java\main started by data8316-19 in C:\JavaPRJ\myBookShelfPRJ)
2024-04-11 16:05:04 [INFO ] kopo.poly.MyBookShelfPrjApplication - No active profile set, falling back to 1 default profile: "local"
2024-04-11 16:05:05 [INFO ] kopo.poly.MyBookShelfPrjApplication - Started MyBookShelfPrjApplication in 0.595 seconds (process running for 1069.717)
2024-04-11 16:06:24 [INFO ] kopo.poly.MyBookShelfPrjApplication - Starting MyBookShelfPrjApplication using Java 17.0.9 with PID 16800 (C:\JavaPRJ\myBookShelfPRJ\build\classes\java\main started by data8316-19 in C:\JavaPRJ\myBookShelfPRJ)
2024-04-11 16:06:24 [INFO ] kopo.poly.MyBookShelfPrjApplication - No active profile set, falling back to 1 default profile: "local"
2024-04-11 16:06:25 [INFO ] kopo.poly.MyBookShelfPrjApplication - Started MyBookShelfPrjApplication in 0.612 seconds (process running for 1150.181)
2024-04-11 16:06:27 [INFO ] kopo.poly.MyBookShelfPrjApplication - Starting MyBookShelfPrjApplication using Java 17.0.9 with PID 16800 (C:\JavaPRJ\myBookShelfPRJ\build\classes\java\main started by data8316-19 in C:\JavaPRJ\myBookShelfPRJ)
2024-04-11 16:06:27 [INFO ] kopo.poly.MyBookShelfPrjApplication - No active profile set, falling back to 1 default profile: "local"
2024-04-11 16:06:27 [INFO ] kopo.poly.MyBookShelfPrjApplication - Started MyBookShelfPrjApplication in 0.678 seconds (process running for 1152.481)
2024-04-11 16:16:05 [INFO ] kopo.poly.MyBookShelfPrjApplication - Starting MyBookShelfPrjApplication using Java 17.0.9 with PID 16800 (C:\JavaPRJ\myBookShelfPRJ\build\classes\java\main started by data8316-19 in C:\JavaPRJ\myBookShelfPRJ)
2024-04-11 16:16:05 [INFO ] kopo.poly.MyBookShelfPrjApplication - No active profile set, falling back to 1 default profile: "local"
2024-04-11 16:16:05 [INFO ] kopo.poly.MyBookShelfPrjApplication - Started MyBookShelfPrjApplication in 0.652 seconds (process running for 1730.628)
2024-04-11 16:16:07 [INFO ] kopo.poly.MyBookShelfPrjApplication - Starting MyBookShelfPrjApplication using Java 17.0.9 with PID 16800 (C:\JavaPRJ\myBookShelfPRJ\build\classes\java\main started by data8316-19 in C:\JavaPRJ\myBookShelfPRJ)
2024-04-11 16:16:07 [INFO ] kopo.poly.MyBookShelfPrjApplication - No active profile set, falling back to 1 default profile: "local"
2024-04-11 16:16:08 [INFO ] kopo.poly.MyBookShelfPrjApplication - Started MyBookShelfPrjApplication in 0.582 seconds (process running for 1732.732)
2024-04-11 16:16:17 [INFO ] k.poly.controller.UserInfoController - controller 내 정보 가져오기
2024-04-11 16:16:17 [INFO ] k.poly.service.impl.UserInfoService - service 내 정보 가져오기 실행
2024-04-11 16:16:17 [INFO ] k.poly.controller.UserInfoController - UserInfoDTO[userId=1, userName=1, password=629bb449e3e9c46949254adb14bdc9dbee91790bf54185ae839d9f4733249481, email=1@1, nickname=1, existsYn=null, roles=null]
2024-04-11 16:16:22 [INFO ] k.poly.controller.UserInfoController - controller 내 정보 업데이트
2024-04-11 16:16:22 [INFO ] k.poly.controller.UserInfoController - userId : 
2024-04-11 16:16:22 [INFO ] k.poly.controller.UserInfoController - nickname : 12
2024-04-11 16:16:22 [INFO ] k.poly.service.impl.UserInfoService - service 내 정보 업데이트
2024-04-11 16:16:22 [INFO ] k.poly.controller.UserInfoController - java.util.NoSuchElementException: No value present
2024-04-11 16:16:50 [INFO ] k.poly.controller.UserInfoController - controller 내 정보 가져오기
2024-04-11 16:16:50 [INFO ] k.poly.service.impl.UserInfoService - service 내 정보 가져오기 실행
2024-04-11 16:16:50 [INFO ] k.poly.controller.UserInfoController - UserInfoDTO[userId=1, userName=1, password=629bb449e3e9c46949254adb14bdc9dbee91790bf54185ae839d9f4733249481, email=1@1, nickname=1, existsYn=null, roles=null]
2024-04-11 16:16:51 [INFO ] kopo.poly.MyBookShelfPrjApplication - Starting MyBookShelfPrjApplication using Java 17.0.9 with PID 16800 (C:\JavaPRJ\myBookShelfPRJ\build\classes\java\main started by data8316-19 in C:\JavaPRJ\myBookShelfPRJ)
2024-04-11 16:16:51 [INFO ] kopo.poly.MyBookShelfPrjApplication - No active profile set, falling back to 1 default profile: "local"
2024-04-11 16:16:52 [INFO ] kopo.poly.MyBookShelfPrjApplication - Started MyBookShelfPrjApplication in 0.59 seconds (process running for 1776.998)
2024-04-11 16:16:57 [INFO ] k.poly.controller.UserInfoController - controller 내 정보 가져오기
2024-04-11 16:16:57 [INFO ] k.poly.service.impl.UserInfoService - service 내 정보 가져오기 실행
2024-04-11 16:16:57 [INFO ] k.poly.controller.UserInfoController - UserInfoDTO[userId=1, userName=1, password=629bb449e3e9c46949254adb14bdc9dbee91790bf54185ae839d9f4733249481, email=1@1, nickname=1, existsYn=null, roles=null]
2024-04-11 16:16:58 [INFO ] k.poly.controller.UserInfoController - controller 내 정보 가져오기
2024-04-11 16:16:58 [INFO ] k.poly.service.impl.UserInfoService - service 내 정보 가져오기 실행
2024-04-11 16:16:58 [INFO ] k.poly.controller.UserInfoController - UserInfoDTO[userId=1, userName=1, password=629bb449e3e9c46949254adb14bdc9dbee91790bf54185ae839d9f4733249481, email=1@1, nickname=1, existsYn=null, roles=null]
2024-04-11 16:16:59 [INFO ] k.poly.controller.UserInfoController - controller 내 정보 업데이트
2024-04-11 16:16:59 [INFO ] k.poly.controller.UserInfoController - userId : 1
2024-04-11 16:16:59 [INFO ] k.poly.controller.UserInfoController - nickname : 1
2024-04-11 16:16:59 [INFO ] k.poly.service.impl.UserInfoService - service 내 정보 업데이트
2024-04-11 16:17:00 [INFO ] k.poly.controller.UserInfoController - controller 내 정보 가져오기
2024-04-11 16:17:00 [INFO ] k.poly.service.impl.UserInfoService - service 내 정보 가져오기 실행
2024-04-11 16:17:00 [INFO ] k.poly.controller.UserInfoController - UserInfoDTO[userId=1, userName=1, password=629bb449e3e9c46949254adb14bdc9dbee91790bf54185ae839d9f4733249481, email=1@1, nickname=1, existsYn=null, roles=null]
2024-04-11 16:17:03 [INFO ] k.poly.controller.UserInfoController - controller 내 정보 업데이트
2024-04-11 16:17:03 [INFO ] k.poly.controller.UserInfoController - userId : 1
2024-04-11 16:17:03 [INFO ] k.poly.controller.UserInfoController - nickname : 12
2024-04-11 16:17:03 [INFO ] k.poly.service.impl.UserInfoService - service 내 정보 업데이트
2024-04-11 16:18:34 [INFO ] kopo.poly.MyBookShelfPrjApplication - Starting MyBookShelfPrjApplication using Java 17.0.9 with PID 16800 (C:\JavaPRJ\myBookShelfPRJ\build\classes\java\main started by data8316-19 in C:\JavaPRJ\myBookShelfPRJ)
2024-04-11 16:18:34 [INFO ] kopo.poly.MyBookShelfPrjApplication - No active profile set, falling back to 1 default profile: "local"
2024-04-11 16:18:34 [INFO ] kopo.poly.MyBookShelfPrjApplication - Started MyBookShelfPrjApplication in 0.666 seconds (process running for 1879.518)
2024-04-11 16:18:34 [INFO ] k.poly.controller.UserInfoController - controller 내 정보 가져오기
2024-04-11 16:18:34 [INFO ] k.poly.service.impl.UserInfoService - service 내 정보 가져오기 실행
2024-04-11 16:18:34 [INFO ] k.poly.controller.UserInfoController - UserInfoDTO[userId=1, userName=1, password=629bb449e3e9c46949254adb14bdc9dbee91790bf54185ae839d9f4733249481, email=1@1, nickname=12, existsYn=null, roles=null]
2024-04-11 16:18:35 [INFO ] k.poly.controller.UserInfoController - controller 내 정보 가져오기
2024-04-11 16:18:35 [INFO ] k.poly.service.impl.UserInfoService - service 내 정보 가져오기 실행
2024-04-11 16:18:35 [INFO ] k.poly.controller.UserInfoController - UserInfoDTO[userId=1, userName=1, password=629bb449e3e9c46949254adb14bdc9dbee91790bf54185ae839d9f4733249481, email=1@1, nickname=12, existsYn=null, roles=null]
2024-04-11 16:18:35 [INFO ] k.poly.controller.UserInfoController - controller 내 정보 가져오기
2024-04-11 16:18:35 [INFO ] k.poly.service.impl.UserInfoService - service 내 정보 가져오기 실행
2024-04-11 16:18:35 [INFO ] k.poly.controller.UserInfoController - UserInfoDTO[userId=1, userName=1, password=629bb449e3e9c46949254adb14bdc9dbee91790bf54185ae839d9f4733249481, email=1@1, nickname=12, existsYn=null, roles=null]
2024-04-11 16:18:36 [INFO ] k.poly.controller.UserInfoController - controller 내 정보 가져오기
2024-04-11 16:18:36 [INFO ] k.poly.service.impl.UserInfoService - service 내 정보 가져오기 실행
2024-04-11 16:18:36 [INFO ] k.poly.controller.UserInfoController - UserInfoDTO[userId=1, userName=1, password=629bb449e3e9c46949254adb14bdc9dbee91790bf54185ae839d9f4733249481, email=1@1, nickname=12, existsYn=null, roles=null]
2024-04-11 16:18:37 [INFO ] k.poly.controller.UserInfoController - controller 내 정보 가져오기
2024-04-11 16:18:37 [INFO ] k.poly.service.impl.UserInfoService - service 내 정보 가져오기 실행
2024-04-11 16:18:37 [INFO ] k.poly.controller.UserInfoController - UserInfoDTO[userId=1, userName=1, password=629bb449e3e9c46949254adb14bdc9dbee91790bf54185ae839d9f4733249481, email=1@1, nickname=12, existsYn=null, roles=null]
2024-04-11 16:18:40 [INFO ] k.poly.controller.UserInfoController - controller 내 정보 가져오기
2024-04-11 16:18:40 [INFO ] k.poly.service.impl.UserInfoService - service 내 정보 가져오기 실행
2024-04-11 16:18:40 [INFO ] k.poly.controller.UserInfoController - UserInfoDTO[userId=1, userName=1, password=629bb449e3e9c46949254adb14bdc9dbee91790bf54185ae839d9f4733249481, email=1@1, nickname=12, existsYn=null, roles=null]
2024-04-11 16:18:42 [INFO ] k.poly.controller.UserInfoController - controller 내 정보 업데이트
2024-04-11 16:18:42 [INFO ] k.poly.controller.UserInfoController - userId : 1
2024-04-11 16:18:42 [INFO ] k.poly.controller.UserInfoController - nickname : 123
2024-04-11 16:18:42 [INFO ] k.poly.service.impl.UserInfoService - service 내 정보 업데이트
2024-04-11 16:19:48 [INFO ] k.poly.controller.UserInfoController - controller 내 정보 가져오기
2024-04-11 16:19:48 [INFO ] k.poly.service.impl.UserInfoService - service 내 정보 가져오기 실행
2024-04-11 16:19:48 [INFO ] k.poly.controller.UserInfoController - UserInfoDTO[userId=1, userName=1, password=629bb449e3e9c46949254adb14bdc9dbee91790bf54185ae839d9f4733249481, email=1@1, nickname=123, existsYn=null, roles=null]
2024-04-11 16:19:50 [INFO ] k.poly.controller.UserInfoController - controller 내 정보 가져오기
2024-04-11 16:19:50 [INFO ] k.poly.service.impl.UserInfoService - service 내 정보 가져오기 실행
2024-04-11 16:19:50 [INFO ] k.poly.controller.UserInfoController - UserInfoDTO[userId=1, userName=1, password=629bb449e3e9c46949254adb14bdc9dbee91790bf54185ae839d9f4733249481, email=1@1, nickname=123, existsYn=null, roles=null]
2024-04-11 16:19:50 [INFO ] kopo.poly.MyBookShelfPrjApplication - Starting MyBookShelfPrjApplication using Java 17.0.9 with PID 16800 (C:\JavaPRJ\myBookShelfPRJ\build\classes\java\main started by data8316-19 in C:\JavaPRJ\myBookShelfPRJ)
2024-04-11 16:19:50 [INFO ] kopo.poly.MyBookShelfPrjApplication - No active profile set, falling back to 1 default profile: "local"
2024-04-11 16:19:51 [INFO ] kopo.poly.MyBookShelfPrjApplication - Started MyBookShelfPrjApplication in 0.59 seconds (process running for 1956.112)
2024-04-11 16:19:51 [INFO ] k.poly.controller.UserInfoController - controller 내 정보 가져오기
2024-04-11 16:19:51 [INFO ] k.poly.service.impl.UserInfoService - service 내 정보 가져오기 실행
2024-04-11 16:19:51 [INFO ] k.poly.controller.UserInfoController - UserInfoDTO[userId=1, userName=1, password=629bb449e3e9c46949254adb14bdc9dbee91790bf54185ae839d9f4733249481, email=1@1, nickname=123, existsYn=null, roles=null]
2024-04-11 16:19:53 [INFO ] k.poly.controller.UserInfoController - controller 내 정보 업데이트
2024-04-11 16:19:53 [INFO ] k.poly.controller.UserInfoController - userId : 1
2024-04-11 16:19:53 [INFO ] k.poly.controller.UserInfoController - nickname : 1234
2024-04-11 16:19:53 [INFO ] k.poly.service.impl.UserInfoService - service 내 정보 업데이트
2024-04-11 16:19:54 [INFO ] k.poly.controller.UserInfoController - controller 내 정보 가져오기
2024-04-11 16:19:54 [INFO ] k.poly.service.impl.UserInfoService - service 내 정보 가져오기 실행
2024-04-11 16:19:54 [INFO ] k.poly.controller.UserInfoController - UserInfoDTO[userId=1, userName=1, password=629bb449e3e9c46949254adb14bdc9dbee91790bf54185ae839d9f4733249481, email=1@1, nickname=1234, existsYn=null, roles=null]
2024-04-11 16:19:57 [INFO ] k.poly.controller.UserInfoController - controller 내 정보 가져오기
2024-04-11 16:19:57 [INFO ] k.poly.service.impl.UserInfoService - service 내 정보 가져오기 실행
2024-04-11 16:19:57 [INFO ] k.poly.controller.UserInfoController - UserInfoDTO[userId=1, userName=1, password=629bb449e3e9c46949254adb14bdc9dbee91790bf54185ae839d9f4733249481, email=1@1, nickname=1234, existsYn=null, roles=null]
2024-04-11 16:21:19 [INFO ] k.poly.controller.UserInfoController - controller 내 정보 가져오기
2024-04-11 16:21:19 [INFO ] k.poly.service.impl.UserInfoService - service 내 정보 가져오기 실행
2024-04-11 16:21:19 [INFO ] k.poly.controller.UserInfoController - UserInfoDTO[userId=1, userName=1, password=629bb449e3e9c46949254adb14bdc9dbee91790bf54185ae839d9f4733249481, email=1@1, nickname=1234, existsYn=null, roles=null]
2024-04-11 16:21:21 [INFO ] kopo.poly.MyBookShelfPrjApplication - Starting MyBookShelfPrjApplication using Java 17.0.9 with PID 16800 (C:\JavaPRJ\myBookShelfPRJ\build\classes\java\main started by data8316-19 in C:\JavaPRJ\myBookShelfPRJ)
2024-04-11 16:21:21 [INFO ] kopo.poly.MyBookShelfPrjApplication - No active profile set, falling back to 1 default profile: "local"
2024-04-11 16:21:21 [INFO ] kopo.poly.MyBookShelfPrjApplication - Started MyBookShelfPrjApplication in 0.66 seconds (process running for 2046.305)
2024-04-11 16:29:06 [INFO ] kopo.poly.MyBookShelfPrjApplication - Starting MyBookShelfPrjApplication using Java 17.0.9 with PID 16800 (C:\JavaPRJ\myBookShelfPRJ\build\classes\java\main started by data8316-19 in C:\JavaPRJ\myBookShelfPRJ)
2024-04-11 16:29:06 [INFO ] kopo.poly.MyBookShelfPrjApplication - No active profile set, falling back to 1 default profile: "local"
2024-04-11 16:29:07 [INFO ] kopo.poly.MyBookShelfPrjApplication - Started MyBookShelfPrjApplication in 0.689 seconds (process running for 2511.787)
2024-04-11 16:39:51 [INFO ] kopo.poly.MyBookShelfPrjApplication - Starting MyBookShelfPrjApplication using Java 17.0.9 with PID 16800 (C:\JavaPRJ\myBookShelfPRJ\build\classes\java\main started by data8316-19 in C:\JavaPRJ\myBookShelfPRJ)
2024-04-11 16:39:51 [INFO ] kopo.poly.MyBookShelfPrjApplication - No active profile set, falling back to 1 default profile: "local"
2024-04-11 16:39:52 [INFO ] kopo.poly.MyBookShelfPrjApplication - Started MyBookShelfPrjApplication in 0.704 seconds (process running for 3156.833)
2024-04-11 16:39:52 [INFO ] k.poly.controller.UserInfoController - controller 내 정보 가져오기
2024-04-11 16:39:52 [INFO ] k.poly.service.impl.UserInfoService - service 내 정보 가져오기 실행
2024-04-11 16:39:52 [INFO ] k.poly.controller.UserInfoController - UserInfoDTO[userId=1, userName=1, password=629bb449e3e9c46949254adb14bdc9dbee91790bf54185ae839d9f4733249481, email=1@1, nickname=1234, existsYn=null, roles=null]
2024-04-11 16:39:53 [INFO ] k.poly.controller.UserInfoController - controller 내 정보 가져오기
2024-04-11 16:39:53 [INFO ] k.poly.service.impl.UserInfoService - service 내 정보 가져오기 실행
2024-04-11 16:39:53 [INFO ] k.poly.controller.UserInfoController - UserInfoDTO[userId=1, userName=1, password=629bb449e3e9c46949254adb14bdc9dbee91790bf54185ae839d9f4733249481, email=1@1, nickname=1234, existsYn=null, roles=null]
2024-04-11 16:40:01 [INFO ] k.poly.controller.UserInfoController - controller 비밀번호 업데이트
2024-04-11 16:40:01 [INFO ] k.poly.controller.UserInfoController - userId : 1
2024-04-11 16:40:01 [INFO ] k.poly.controller.UserInfoController - email : 1@1
2024-04-11 16:40:01 [INFO ] k.poly.controller.UserInfoController - userName : 1
2024-04-11 16:40:01 [INFO ] k.poly.controller.UserInfoController - password : 629bb449e3e9c46949254adb14bdc9dbee91790bf54185ae839d9f4733249481
2024-04-11 16:40:01 [INFO ] k.poly.controller.UserInfoController - newPassword : 09a707b21029ff8968f3de4a61e43072730c721d91df999a276fd619208518c6
2024-04-11 16:40:01 [INFO ] k.poly.service.impl.UserInfoService - service 로그인 실행
2024-04-11 16:40:01 [INFO ] k.poly.service.impl.UserInfoService - userId : 1
2024-04-11 16:40:01 [INFO ] k.poly.service.impl.UserInfoService - password : 629bb449e3e9c46949254adb14bdc9dbee91790bf54185ae839d9f4733249481
2024-04-11 16:40:01 [INFO ] k.poly.service.impl.UserInfoService - service 로그인 종료
2024-04-11 16:40:01 [INFO ] k.poly.service.impl.UserInfoService - service 비번 업데이트 실행
2024-04-11 16:40:04 [INFO ] k.poly.controller.UserInfoController - controller 내 정보 가져오기
2024-04-11 16:40:04 [INFO ] k.poly.service.impl.UserInfoService - service 내 정보 가져오기 실행
2024-04-11 16:40:04 [INFO ] k.poly.controller.UserInfoController - UserInfoDTO[userId=1, userName=1@1, password=09a707b21029ff8968f3de4a61e43072730c721d91df999a276fd619208518c6, email=1, nickname=1234, existsYn=null, roles=null]
2024-04-11 16:40:26 [INFO ] kopo.poly.MyBookShelfPrjApplication - Starting MyBookShelfPrjApplication using Java 17.0.9 with PID 16800 (C:\JavaPRJ\myBookShelfPRJ\build\classes\java\main started by data8316-19 in C:\JavaPRJ\myBookShelfPRJ)
2024-04-11 16:40:26 [INFO ] kopo.poly.MyBookShelfPrjApplication - No active profile set, falling back to 1 default profile: "local"
2024-04-11 16:40:27 [INFO ] kopo.poly.MyBookShelfPrjApplication - Started MyBookShelfPrjApplication in 0.584 seconds (process running for 3192.027)
2024-04-11 16:40:27 [INFO ] k.poly.controller.UserInfoController - controller 내 정보 가져오기
2024-04-11 16:40:27 [INFO ] k.poly.service.impl.UserInfoService - service 내 정보 가져오기 실행
2024-04-11 16:40:27 [INFO ] k.poly.controller.UserInfoController - UserInfoDTO[userId=1, userName=1@1, password=09a707b21029ff8968f3de4a61e43072730c721d91df999a276fd619208518c6, email=1, nickname=1234, existsYn=null, roles=null]
2024-04-11 16:40:31 [INFO ] k.poly.controller.UserInfoController - controller 비밀번호 업데이트
2024-04-11 16:40:31 [INFO ] k.poly.controller.UserInfoController - userId : 1
2024-04-11 16:40:31 [INFO ] k.poly.controller.UserInfoController - email : 1
2024-04-11 16:40:31 [INFO ] k.poly.controller.UserInfoController - userName : 1@1
2024-04-11 16:40:31 [INFO ] k.poly.controller.UserInfoController - password : 09a707b21029ff8968f3de4a61e43072730c721d91df999a276fd619208518c6
2024-04-11 16:40:31 [INFO ] k.poly.controller.UserInfoController - newPassword : 629bb449e3e9c46949254adb14bdc9dbee91790bf54185ae839d9f4733249481
2024-04-11 16:40:31 [INFO ] k.poly.service.impl.UserInfoService - service 로그인 실행
2024-04-11 16:40:31 [INFO ] k.poly.service.impl.UserInfoService - userId : 1
2024-04-11 16:40:31 [INFO ] k.poly.service.impl.UserInfoService - password : 09a707b21029ff8968f3de4a61e43072730c721d91df999a276fd619208518c6
2024-04-11 16:40:31 [INFO ] k.poly.service.impl.UserInfoService - service 로그인 종료
2024-04-11 16:40:31 [INFO ] k.poly.service.impl.UserInfoService - service 비번 업데이트 실행
2024-04-11 16:40:32 [INFO ] k.poly.controller.UserInfoController - controller 내 정보 가져오기
2024-04-11 16:40:32 [INFO ] k.poly.service.impl.UserInfoService - service 내 정보 가져오기 실행
2024-04-11 16:40:32 [INFO ] k.poly.controller.UserInfoController - UserInfoDTO[userId=1, userName=1, password=629bb449e3e9c46949254adb14bdc9dbee91790bf54185ae839d9f4733249481, email=1@1, nickname=1234, existsYn=null, roles=null]
2024-04-11 16:49:07 [INFO ] kopo.poly.MyBookShelfPrjApplication - Starting MyBookShelfPrjApplication using Java 17.0.9 with PID 16800 (C:\JavaPRJ\myBookShelfPRJ\build\classes\java\main started by data8316-19 in C:\JavaPRJ\myBookShelfPRJ)
2024-04-11 16:49:07 [INFO ] kopo.poly.MyBookShelfPrjApplication - No active profile set, falling back to 1 default profile: "local"
2024-04-11 16:49:08 [INFO ] kopo.poly.MyBookShelfPrjApplication - Started MyBookShelfPrjApplication in 0.641 seconds (process running for 3712.849)
2024-04-11 16:49:08 [INFO ] k.poly.controller.UserInfoController - controller 내 정보 업데이트
2024-04-11 16:49:08 [INFO ] k.poly.controller.UserInfoController - userId : 1
2024-04-11 16:49:08 [INFO ] k.poly.controller.UserInfoController - nickname : 123
2024-04-11 16:49:08 [INFO ] k.poly.service.impl.UserInfoService - service 내 정보 업데이트
2024-04-11 16:49:10 [INFO ] k.poly.controller.UserInfoController - controller 내 정보 가져오기
2024-04-11 16:49:10 [INFO ] k.poly.service.impl.UserInfoService - service 내 정보 가져오기 실행
2024-04-11 16:49:10 [INFO ] k.poly.controller.UserInfoController - UserInfoDTO[userId=1, userName=1, password=629bb449e3e9c46949254adb14bdc9dbee91790bf54185ae839d9f4733249481, email=1@1, nickname=123, existsYn=null, roles=null]
2024-04-11 16:49:14 [INFO ] k.poly.controller.UserInfoController - controller 내 정보 가져오기
2024-04-11 16:49:14 [INFO ] k.poly.service.impl.UserInfoService - service 내 정보 가져오기 실행
2024-04-11 16:49:14 [INFO ] k.poly.controller.UserInfoController - UserInfoDTO[userId=1, userName=1, password=629bb449e3e9c46949254adb14bdc9dbee91790bf54185ae839d9f4733249481, email=1@1, nickname=123, existsYn=null, roles=null]
2024-04-11 16:49:16 [INFO ] k.poly.controller.UserInfoController - controller 내 정보 업데이트
2024-04-11 16:49:16 [INFO ] k.poly.controller.UserInfoController - userId : 1
2024-04-11 16:49:16 [INFO ] k.poly.controller.UserInfoController - nickname : 1234
2024-04-11 16:49:16 [INFO ] k.poly.service.impl.UserInfoService - service 내 정보 업데이트
2024-04-11 16:49:16 [INFO ] k.poly.controller.UserInfoController - controller 내 정보 가져오기
2024-04-11 16:49:16 [INFO ] k.poly.service.impl.UserInfoService - service 내 정보 가져오기 실행
2024-04-11 16:49:16 [INFO ] k.poly.controller.UserInfoController - UserInfoDTO[userId=1, userName=1, password=629bb449e3e9c46949254adb14bdc9dbee91790bf54185ae839d9f4733249481, email=1@1, nickname=1234, existsYn=null, roles=null]
